Log file open, 03/31/19 14:48:54
LogWindows: Failed to load 'aqProf.dll' (GetLastError=126)
LogWindows: File 'aqProf.dll' does not exist
LogWindows: Failed to load 'VtuneApi.dll' (GetLastError=126)
LogWindows: File 'VtuneApi.dll' does not exist
LogWindows: Failed to load 'VtuneApi32e.dll' (GetLastError=126)
LogWindows: File 'VtuneApi32e.dll' does not exist
LogConsoleResponse: Display: Failed to find resolution value strings in scalability ini. Falling back to default.
LogInit: Display: Running engine for game: TwistedMario
LogPakFile: Registered encryption key '00000000000000000000000000000000': 0 pak files mounted, 0 remain pending
LogPlatformFile: Not using cached read wrapper
LogTaskGraph: Started task graph with 5 named threads and 23 total threads with 3 sets of task threads.
LogStats: Stats thread started at 0.289642
LogD3D11RHI: Loaded GFSDK_Aftermath_Lib.x64.dll
LogICUInternationalization: ICU TimeZone Detection - Raw Offset: -5:00, Platform Override: ''
LogPluginManager: Mounting plugin Paper2D
LogPluginManager: Mounting plugin AISupport
LogPluginManager: Mounting plugin LightPropagationVolume
LogPluginManager: Mounting plugin ActorLayerUtilities
LogPluginManager: Mounting plugin CLionSourceCodeAccess
LogPluginManager: Mounting plugin CodeLiteSourceCodeAccess
LogPluginManager: Mounting plugin GitSourceControl
LogPluginManager: Mounting plugin KDevelopSourceCodeAccess
LogPluginManager: Mounting plugin NullSourceCodeAccess
LogPluginManager: Mounting plugin PerforceSourceControl
LogPluginManager: Mounting plugin SubversionSourceControl
LogPluginManager: Mounting plugin UObjectPlugin
LogPluginManager: Mounting plugin VisualStudioCodeSourceCodeAccess
LogPluginManager: Mounting plugin VisualStudioSourceCodeAccess
LogPluginManager: Mounting plugin XCodeSourceCodeAccess
LogPluginManager: Mounting plugin AssetManagerEditor
LogPluginManager: Mounting plugin CryptoKeys
LogPluginManager: Mounting plugin DataValidation
LogPluginManager: Mounting plugin FacialAnimation
LogPluginManager: Mounting plugin GameplayTagsEditor
LogPluginManager: Mounting plugin MacGraphicsSwitching
LogPluginManager: Mounting plugin MeshEditor
LogPluginManager: Mounting plugin MobileLauncherProfileWizard
LogPluginManager: Mounting plugin PluginBrowser
LogPluginManager: Mounting plugin SpeedTreeImporter
LogPluginManager: Mounting plugin DatasmithContent
LogPluginManager: Mounting plugin VariantManagerContent
LogPluginManager: Mounting plugin AlembicImporter
LogPluginManager: Mounting plugin AppleImageUtils
LogPluginManager: Mounting plugin AppleVision
LogPluginManager: Mounting plugin BackChannel
LogPluginManager: Mounting plugin CharacterAI
LogPluginManager: Mounting plugin GeometryCache
LogPluginManager: Mounting plugin HTML5Networking
LogPluginManager: Mounting plugin ProxyLODPlugin
LogPluginManager: Mounting plugin MagicLeap
LogPluginManager: Mounting plugin MagicLeapMedia
LogPluginManager: Mounting plugin AndroidMedia
LogPluginManager: Mounting plugin AvfMedia
LogPluginManager: Mounting plugin ImgMedia
LogPluginManager: Mounting plugin LinearTimecode
LogPluginManager: Mounting plugin MediaCompositing
LogPluginManager: Mounting plugin MediaPlayerEditor
LogPluginManager: Mounting plugin WebMMedia
LogPluginManager: Mounting plugin WmfMedia
LogPluginManager: Mounting plugin TcpMessaging
LogPluginManager: Mounting plugin UdpMessaging
LogPluginManager: Mounting plugin ActorSequence
LogPluginManager: Mounting plugin LevelSequenceEditor
LogPluginManager: Mounting plugin MatineeToLevelSequence
LogPluginManager: Mounting plugin NetcodeUnitTest
LogPluginManager: Mounting plugin NUTUnrealEngine4
LogPluginManager: Mounting plugin OnlineSubsystemGooglePlay
LogPluginManager: Mounting plugin OnlineSubsystemIOS
LogPluginManager: Mounting plugin OnlineSubsystem
LogPluginManager: Mounting plugin OnlineSubsystemNull
LogPluginManager: Mounting plugin OnlineSubsystemUtils
LogPluginManager: Mounting plugin LauncherChunkInstaller
LogPluginManager: Mounting plugin AndroidDeviceProfileSelector
LogPluginManager: Mounting plugin AndroidMoviePlayer
LogPluginManager: Mounting plugin AndroidPermission
LogPluginManager: Mounting plugin AppleMoviePlayer
LogPluginManager: Mounting plugin ArchVisCharacter
LogPluginManager: Mounting plugin AudioCapture
LogPluginManager: Mounting plugin CableComponent
LogPluginManager: Mounting plugin CustomMeshComponent
LogPluginManager: Mounting plugin EditableMesh
LogPluginManager: Mounting plugin ExampleDeviceProfileSelector
LogPluginManager: Mounting plugin Firebase
LogPluginManager: Mounting plugin GoogleCloudMessaging
LogPluginManager: Mounting plugin IOSDeviceProfileSelector
LogPluginManager: Mounting plugin LinuxDeviceProfileSelector
LogPluginManager: Mounting plugin LocationServicesBPLibrary
LogPluginManager: Mounting plugin MobilePatchingUtils
LogPluginManager: Mounting plugin PhysXVehicles
LogPluginManager: Mounting plugin ProceduralMeshComponent
LogPluginManager: Mounting plugin RuntimePhysXCooking
LogPluginManager: Mounting plugin WebMMoviePlayer
LogPluginManager: Mounting plugin WindowsMoviePlayer
LogStreaming: Display: Took  0.095s to configure plugins.
LogInit: Using libcurl 7.55.1-DEV
LogInit:  - built for x86_64-pc-win32
LogInit:  - supports SSL with OpenSSL/1.0.2h
LogInit:  - supports HTTP deflate (compression) using libz 1.2.8
LogInit:  - other features:
LogInit:      CURL_VERSION_SSL
LogInit:      CURL_VERSION_LIBZ
LogInit:      CURL_VERSION_IPV6
LogInit:      CURL_VERSION_ASYNCHDNS
LogInit:      CURL_VERSION_LARGEFILE
LogInit:      CURL_VERSION_IDN
LogInit:  CurlRequestOptions (configurable via config and command line):
LogInit:  - bVerifyPeer = true  - Libcurl will verify peer certificate
LogInit:  - bUseHttpProxy = false  - Libcurl will NOT use HTTP proxy
LogInit:  - bDontReuseConnections = false  - Libcurl will reuse connections
LogInit:  - MaxHostConnections = 16  - Libcurl will limit the number of connections to a host
LogInit:  - LocalHostAddr = Default
LogInit:  - BufferSize = 65536
LogModuleManager: Warning: ModuleManager: Unable to load module 'OnlineSubsystemSteam'  - 0 instances of that module name found.
LogInit: WinSock: version 1.1 (2.2), MaxSocks=32767, MaxUdp=65467
LogInit: Build: ++UE4+Release-4.21-CL-4753647
LogInit: Engine Version: 4.21.2-4753647+++UE4+Release-4.21
LogInit: Compatible Engine Version: 4.21.0-4541578+++UE4+Release-4.21
LogInit: Net CL: 4541578
LogInit: OS: Windows 10 (), CPU: Intel(R) Core(TM) i7-7700HQ CPU @ 2.80GHz, GPU: Intel(R) HD Graphics 630
LogInit: Compiled (64-bit): Jan 19 2019 02:07:31
LogInit: Compiled with Visual C++: 19.13.26129.00
LogInit: Build Configuration: Development
LogInit: Branch Name: ++UE4+Release-4.21
LogInit: Command Line: 
LogInit: Base Directory: D:/Epic Games/UE_4.21/Engine/Binaries/Win64/
LogInit: Installed Engine Build: 1
LogDevObjectVersion: Number of dev versions registered: 22
LogDevObjectVersion:   Dev-Blueprints (B0D832E4-1F89-4F0D-ACCF-7EB736FD4AA2): 10
LogDevObjectVersion:   Dev-Build (E1C64328-A22C-4D53-A36C-8E866417BD8C): 0
LogDevObjectVersion:   Dev-Core (375EC13C-06E4-48FB-B500-84F0262A717E): 2
LogDevObjectVersion:   Dev-Editor (E4B068ED-F494-42E9-A231-DA0B2E46BB41): 26
LogDevObjectVersion:   Dev-Framework (CFFC743F-43B0-4480-9391-14DF171D2073): 34
LogDevObjectVersion:   Dev-Mobile (B02B49B5-BB20-44E9-A304-32B752E40360): 2
LogDevObjectVersion:   Dev-Networking (A4E4105C-59A1-49B5-A7C5-40C4547EDFEE): 0
LogDevObjectVersion:   Dev-Online (39C831C9-5AE6-47DC-9A44-9C173E1C8E7C): 0
LogDevObjectVersion:   Dev-Physics (78F01B33-EBEA-4F98-B9B4-84EACCB95AA2): 0
LogDevObjectVersion:   Dev-Platform (6631380F-2D4D-43E0-8009-CF276956A95A): 0
LogDevObjectVersion:   Dev-Rendering (12F88B9F-8875-4AFC-A67C-D90C383ABD29): 27
LogDevObjectVersion:   Dev-Sequencer (7B5AE74C-D270-4C10-A958-57980B212A5A): 9
LogDevObjectVersion:   Dev-VR (D7296918-1DD6-4BDD-9DE2-64A83CC13884): 2
LogDevObjectVersion:   Dev-LoadTimes (C2A15278-BFE7-4AFE-6C17-90FF531DF755): 1
LogDevObjectVersion:   Private-Geometry (6EACA3D4-40EC-4CC1-B786-8BED09428FC5): 3
LogDevObjectVersion:   Dev-AnimPhys (29E575DD-E0A3-4627-9D10-D276232CDCEA): 17
LogDevObjectVersion:   Dev-Anim (AF43A65D-7FD3-4947-9873-3E8ED9C1BB05): 2
LogDevObjectVersion:   Dev-ReflectionCapture (6B266CEC-1EC7-4B8F-A30B-E4D90942FC07): 1
LogDevObjectVersion:   Dev-Automation (0DF73D61-A23F-47EA-B727-89E90C41499A): 1
LogDevObjectVersion:   FortniteMain (601D1886-AC64-4F84-AA16-D3DE0DEAC7D6): 17
LogDevObjectVersion:   Dev-Enterprise (9DFFBCD6-494F-0158-E221-12823C92A888): 4
LogDevObjectVersion:   Dev-Niagara (F2AED0AC-9AFE-416F-8664-AA7FFA26D6FC): 1
LogStreaming: Display: Took  0.000s to delete old logs.
LogInit: Presizing for max 8388607 objects, including 0 objects not considered by GC, pre-allocating 0 bytes for permanent pool.
LogInit: Object subsystem initialized
LogConfig: Setting CVar [[con.DebugEarlyDefault:1]]
LogConfig: Setting CVar [[r.setres:1280x720]]
[2019.03.31-18.48.54:951][  0]LogConfig: Setting CVar [[r.VSync:0]]
[2019.03.31-18.48.54:951][  0]LogConfig: Setting CVar [[r.RHICmdBypass:0]]
[2019.03.31-18.48.54:951][  0]LogConfig: Applying CVar settings from Section [/Script/Engine.RendererSettings] File [C:/Users/Marcus Di Domizio/Documents/GitHub/Twisted-Mario/TwistedMario/Saved/Config/Windows/Engine.ini]
[2019.03.31-18.48.54:951][  0]LogConfig: Setting CVar [[r.GPUCrashDebugging:0]]
[2019.03.31-18.48.54:951][  0]LogConfig: Applying CVar settings from Section [/Script/Engine.RendererOverrideSettings] File [C:/Users/Marcus Di Domizio/Documents/GitHub/Twisted-Mario/TwistedMario/Saved/Config/Windows/Engine.ini]
[2019.03.31-18.48.54:951][  0]LogConfig: Applying CVar settings from Section [/Script/Engine.StreamingSettings] File [C:/Users/Marcus Di Domizio/Documents/GitHub/Twisted-Mario/TwistedMario/Saved/Config/Windows/Engine.ini]
[2019.03.31-18.48.54:951][  0]LogConfig: Setting CVar [[s.MinBulkDataSizeForAsyncLoading:131072]]
[2019.03.31-18.48.54:951][  0]LogConfig: Setting CVar [[s.AsyncLoadingThreadEnabled:0]]
[2019.03.31-18.48.54:952][  0]LogConfig: Setting CVar [[s.EventDrivenLoaderEnabled:1]]
[2019.03.31-18.48.54:952][  0]LogConfig: Setting CVar [[s.WarnIfTimeLimitExceeded:0]]
[2019.03.31-18.48.54:952][  0]LogConfig: Setting CVar [[s.TimeLimitExceededMultiplier:1.5]]
[2019.03.31-18.48.54:952][  0]LogConfig: Setting CVar [[s.TimeLimitExceededMinTime:0.005]]
[2019.03.31-18.48.54:952][  0]LogConfig: Setting CVar [[s.UseBackgroundLevelStreaming:1]]
[2019.03.31-18.48.54:952][  0]LogConfig: Setting CVar [[s.PriorityAsyncLoadingExtraTime:15.0]]
[2019.03.31-18.48.54:952][  0]LogConfig: Setting CVar [[s.LevelStreamingActorsUpdateTimeLimit:5.0]]
[2019.03.31-18.48.54:952][  0]LogConfig: Setting CVar [[s.PriorityLevelStreamingActorsUpdateExtraTime:5.0]]
[2019.03.31-18.48.54:952][  0]LogConfig: Setting CVar [[s.LevelStreamingComponentsRegistrationGranularity:10]]
[2019.03.31-18.48.54:952][  0]LogConfig: Setting CVar [[s.UnregisterComponentsTimeLimit:1.0]]
[2019.03.31-18.48.54:952][  0]LogConfig: Setting CVar [[s.LevelStreamingComponentsUnregistrationGranularity:5]]
[2019.03.31-18.48.54:952][  0]LogConfig: Applying CVar settings from Section [/Script/Engine.GarbageCollectionSettings] File [C:/Users/Marcus Di Domizio/Documents/GitHub/Twisted-Mario/TwistedMario/Saved/Config/Windows/Engine.ini]
[2019.03.31-18.48.54:952][  0]LogConfig: Setting CVar [[gc.MaxObjectsNotConsideredByGC:1]]
[2019.03.31-18.48.54:952][  0]LogConfig: Setting CVar [[gc.SizeOfPermanentObjectPool:0]]
[2019.03.31-18.48.54:952][  0]LogConfig: Setting CVar [[gc.FlushStreamingOnGC:0]]
[2019.03.31-18.48.54:952][  0]LogConfig: Setting CVar [[gc.NumRetriesBeforeForcingGC:10]]
[2019.03.31-18.48.54:952][  0]LogConfig: Setting CVar [[gc.AllowParallelGC:1]]
[2019.03.31-18.48.54:952][  0]LogConfig: Setting CVar [[gc.TimeBetweenPurgingPendingKillObjects:61.1]]
[2019.03.31-18.48.54:952][  0]LogConfig: Setting CVar [[gc.MaxObjectsInEditor:8388607]]
[2019.03.31-18.48.54:952][  0]LogConfig: Setting CVar [[gc.IncrementalBeginDestroyEnabled:1]]
[2019.03.31-18.48.54:952][  0]LogConfig: Setting CVar [[gc.CreateGCClusters:1]]
[2019.03.31-18.48.54:952][  0]LogConfig: Setting CVar [[gc.MergeGCClusters:0]]
[2019.03.31-18.48.54:952][  0]LogConfig: Setting CVar [[gc.MinGCClusterSize:5]]
[2019.03.31-18.48.54:952][  0]LogConfig: Setting CVar [[gc.ActorClusteringEnabled:0]]
[2019.03.31-18.48.54:952][  0]LogConfig: Setting CVar [[gc.BlueprintClusteringEnabled:0]]
[2019.03.31-18.48.54:952][  0]LogConfig: Setting CVar [[gc.UseDisregardForGCOnDedicatedServers:0]]
[2019.03.31-18.48.54:952][  0]LogConfig: Applying CVar settings from Section [/Script/Engine.NetworkSettings] File [C:/Users/Marcus Di Domizio/Documents/GitHub/Twisted-Mario/TwistedMario/Saved/Config/Windows/Engine.ini]
[2019.03.31-18.48.54:952][  0]LogConfig: Applying CVar settings from Section [/Script/UnrealEd.CookerSettings] File [C:/Users/Marcus Di Domizio/Documents/GitHub/Twisted-Mario/TwistedMario/Saved/Config/Windows/Engine.ini]
[2019.03.31-18.48.54:955][  0]LogConfig: Applying CVar settings from Section [ViewDistanceQuality@3] File [C:/Users/Marcus Di Domizio/Documents/GitHub/Twisted-Mario/TwistedMario/Saved/Config/Windows/Scalability.ini]
[2019.03.31-18.48.54:955][  0]LogConfig: Setting CVar [[r.SkeletalMeshLODBias:0]]
[2019.03.31-18.48.54:955][  0]LogConfig: Setting CVar [[r.ViewDistanceScale:1.0]]
[2019.03.31-18.48.54:955][  0]LogConfig: Applying CVar settings from Section [AntiAliasingQuality@3] File [C:/Users/Marcus Di Domizio/Documents/GitHub/Twisted-Mario/TwistedMario/Saved/Config/Windows/Scalability.ini]
[2019.03.31-18.48.54:955][  0]LogConfig: Setting CVar [[r.PostProcessAAQuality:4]]
[2019.03.31-18.48.54:955][  0]LogConfig: Applying CVar settings from Section [ShadowQuality@3] File [C:/Users/Marcus Di Domizio/Documents/GitHub/Twisted-Mario/TwistedMario/Saved/Config/Windows/Scalability.ini]
[2019.03.31-18.48.54:955][  0]LogConfig: Setting CVar [[r.LightFunctionQuality:1]]
[2019.03.31-18.48.54:955][  0]LogConfig: Setting CVar [[r.ShadowQuality:5]]
[2019.03.31-18.48.54:955][  0]LogConfig: Setting CVar [[r.Shadow.CSM.MaxCascades:10]]
[2019.03.31-18.48.54:955][  0]LogConfig: Setting CVar [[r.Shadow.MaxResolution:2048]]
[2019.03.31-18.48.54:955][  0]LogConfig: Setting CVar [[r.Shadow.MaxCSMResolution:2048]]
[2019.03.31-18.48.54:955][  0]LogConfig: Setting CVar [[r.Shadow.RadiusThreshold:0.01]]
[2019.03.31-18.48.54:955][  0]LogConfig: Setting CVar [[r.Shadow.DistanceScale:1.0]]
[2019.03.31-18.48.54:955][  0]LogConfig: Setting CVar [[r.Shadow.CSM.TransitionScale:1.0]]
[2019.03.31-18.48.54:955][  0]LogConfig: Setting CVar [[r.Shadow.PreShadowResolutionFactor:1.0]]
[2019.03.31-18.48.54:955][  0]LogConfig: Setting CVar [[r.DistanceFieldShadowing:1]]
[2019.03.31-18.48.54:955][  0]LogConfig: Setting CVar [[r.DistanceFieldAO:1]]
[2019.03.31-18.48.54:955][  0]LogConfig: Setting CVar [[r.AOQuality:2]]
[2019.03.31-18.48.54:955][  0]LogConfig: Setting CVar [[r.VolumetricFog:1]]
[2019.03.31-18.48.54:955][  0]LogConfig: Setting CVar [[r.VolumetricFog.GridPixelSize:8]]
[2019.03.31-18.48.54:955][  0]LogConfig: Setting CVar [[r.VolumetricFog.GridSizeZ:128]]
[2019.03.31-18.48.54:955][  0]LogConfig: Setting CVar [[r.VolumetricFog.HistoryMissSupersampleCount:4]]
[2019.03.31-18.48.54:955][  0]LogConfig: Setting CVar [[r.LightMaxDrawDistanceScale:1]]
[2019.03.31-18.48.54:955][  0]LogConfig: Setting CVar [[r.CapsuleShadows:1]]
[2019.03.31-18.48.54:955][  0]LogConfig: Applying CVar settings from Section [PostProcessQuality@3] File [C:/Users/Marcus Di Domizio/Documents/GitHub/Twisted-Mario/TwistedMario/Saved/Config/Windows/Scalability.ini]
[2019.03.31-18.48.54:955][  0]LogConfig: Setting CVar [[r.MotionBlurQuality:4]]
[2019.03.31-18.48.54:955][  0]LogConfig: Setting CVar [[r.AmbientOcclusionMipLevelFactor:0.4]]
[2019.03.31-18.48.54:955][  0]LogConfig: Setting CVar [[r.AmbientOcclusionMaxQuality:100]]
[2019.03.31-18.48.54:955][  0]LogConfig: Setting CVar [[r.AmbientOcclusionLevels:-1]]
[2019.03.31-18.48.54:955][  0]LogConfig: Setting CVar [[r.AmbientOcclusionRadiusScale:1.0]]
[2019.03.31-18.48.54:955][  0]LogConfig: Setting CVar [[r.DepthOfFieldQuality:2]]
[2019.03.31-18.48.54:955][  0]LogConfig: Setting CVar [[r.RenderTargetPoolMin:400]]
[2019.03.31-18.48.54:955][  0]LogConfig: Setting CVar [[r.LensFlareQuality:2]]
[2019.03.31-18.48.54:955][  0]LogConfig: Setting CVar [[r.SceneColorFringeQuality:1]]
[2019.03.31-18.48.54:955][  0]LogConfig: Setting CVar [[r.EyeAdaptationQuality:2]]
[2019.03.31-18.48.54:955][  0]LogConfig: Setting CVar [[r.BloomQuality:5]]
[2019.03.31-18.48.54:955][  0]LogConfig: Setting CVar [[r.FastBlurThreshold:100]]
[2019.03.31-18.48.54:955][  0]LogConfig: Setting CVar [[r.Upscale.Quality:3]]
[2019.03.31-18.48.54:955][  0]LogConfig: Setting CVar [[r.Tonemapper.GrainQuantization:1]]
[2019.03.31-18.48.54:955][  0]LogConfig: Setting CVar [[r.LightShaftQuality:1]]
[2019.03.31-18.48.54:955][  0]LogConfig: Setting CVar [[r.Filter.SizeScale:1]]
[2019.03.31-18.48.54:955][  0]LogConfig: Setting CVar [[r.Tonemapper.Quality:5]]
[2019.03.31-18.48.54:955][  0]LogConfig: Setting CVar [[r.DOF.Gather.AccumulatorQuality:1        ; higher gathering accumulator quality]]
[2019.03.31-18.48.54:955][  0]LogConfig: Setting CVar [[r.DOF.Gather.PostfilterMethod:1          ; Median3x3 postfilering method]]
[2019.03.31-18.48.54:955][  0]LogConfig: Setting CVar [[r.DOF.Gather.EnableBokehSettings:0       ; no bokeh simulation when gathering]]
[2019.03.31-18.48.54:955][  0]LogConfig: Setting CVar [[r.DOF.Gather.RingCount:4                 ; medium number of samples when gathering]]
[2019.03.31-18.48.54:955][  0]LogConfig: Setting CVar [[r.DOF.Scatter.ForegroundCompositing:1    ; additive foreground scattering]]
[2019.03.31-18.48.54:955][  0]LogConfig: Setting CVar [[r.DOF.Scatter.BackgroundCompositing:2    ; additive background scattering]]
[2019.03.31-18.48.54:955][  0]LogConfig: Setting CVar [[r.DOF.Scatter.EnableBokehSettings:1      ; bokeh simulation when scattering]]
[2019.03.31-18.48.54:956][  0]LogConfig: Setting CVar [[r.DOF.Scatter.MaxSpriteRatio:0.1         ; only a maximum of 10% of scattered bokeh]]
[2019.03.31-18.48.54:956][  0]LogConfig: Setting CVar [[r.DOF.Recombine.Quality:1                ; cheap slight out of focus]]
[2019.03.31-18.48.54:956][  0]LogConfig: Setting CVar [[r.DOF.Recombine.EnableBokehSettings:0    ; no bokeh simulation on slight out of focus]]
[2019.03.31-18.48.54:956][  0]LogConfig: Setting CVar [[r.DOF.TemporalAAQuality:1                ; more stable temporal accumulation]]
[2019.03.31-18.48.54:956][  0]LogConfig: Setting CVar [[r.DOF.Kernel.MaxForegroundRadius:0.025]]
[2019.03.31-18.48.54:956][  0]LogConfig: Setting CVar [[r.DOF.Kernel.MaxBackgroundRadius:0.025]]
[2019.03.31-18.48.54:956][  0]LogConfig: Applying CVar settings from Section [TextureQuality@3] File [C:/Users/Marcus Di Domizio/Documents/GitHub/Twisted-Mario/TwistedMario/Saved/Config/Windows/Scalability.ini]
[2019.03.31-18.48.54:956][  0]LogConfig: Setting CVar [[r.Streaming.MipBias:0]]
[2019.03.31-18.48.54:956][  0]LogConfig: Setting CVar [[r.Streaming.AmortizeCPUToGPUCopy:0]]
[2019.03.31-18.48.54:956][  0]LogConfig: Setting CVar [[r.Streaming.MaxNumTexturesToStreamPerFrame:0]]
[2019.03.31-18.48.54:956][  0]LogConfig: Setting CVar [[r.Streaming.Boost:1]]
[2019.03.31-18.48.54:956][  0]LogConfig: Setting CVar [[r.MaxAnisotropy:8]]
[2019.03.31-18.48.54:956][  0]LogConfig: Setting CVar [[r.Streaming.LimitPoolSizeToVRAM:0]]
[2019.03.31-18.48.54:956][  0]LogConfig: Setting CVar [[r.Streaming.PoolSize:1000]]
[2019.03.31-18.48.54:956][  0]LogConfig: Setting CVar [[r.Streaming.MaxEffectiveScreenSize:0]]
[2019.03.31-18.48.54:956][  0]LogConfig: Applying CVar settings from Section [EffectsQuality@3] File [C:/Users/Marcus Di Domizio/Documents/GitHub/Twisted-Mario/TwistedMario/Saved/Config/Windows/Scalability.ini]
[2019.03.31-18.48.54:956][  0]LogConfig: Setting CVar [[r.TranslucencyLightingVolumeDim:64]]
[2019.03.31-18.48.54:956][  0]LogConfig: Setting CVar [[r.RefractionQuality:2]]
[2019.03.31-18.48.54:956][  0]LogConfig: Setting CVar [[r.SSR.Quality:3]]
[2019.03.31-18.48.54:956][  0]LogConfig: Setting CVar [[r.SceneColorFormat:4]]
[2019.03.31-18.48.54:956][  0]LogConfig: Setting CVar [[r.DetailMode:2]]
[2019.03.31-18.48.54:956][  0]LogConfig: Setting CVar [[r.TranslucencyVolumeBlur:1]]
[2019.03.31-18.48.54:956][  0]LogConfig: Setting CVar [[r.MaterialQualityLevel:1 ; High quality]]
[2019.03.31-18.48.54:956][  0]LogConfig: Setting CVar [[r.SSS.Scale:1]]
[2019.03.31-18.48.54:956][  0]LogConfig: Setting CVar [[r.SSS.SampleSet:2]]
[2019.03.31-18.48.54:956][  0]LogConfig: Setting CVar [[r.SSS.Quality:1]]
[2019.03.31-18.48.54:956][  0]LogConfig: Setting CVar [[r.SSS.HalfRes:1]]
[2019.03.31-18.48.54:956][  0]LogConfig: Setting CVar [[r.EmitterSpawnRateScale:1.0]]
[2019.03.31-18.48.54:956][  0]LogConfig: Setting CVar [[r.ParticleLightQuality:2]]
[2019.03.31-18.48.54:956][  0]LogConfig: Applying CVar settings from Section [FoliageQuality@3] File [C:/Users/Marcus Di Domizio/Documents/GitHub/Twisted-Mario/TwistedMario/Saved/Config/Windows/Scalability.ini]
[2019.03.31-18.48.54:956][  0]LogConfig: Setting CVar [[foliage.DensityScale:1.0]]
[2019.03.31-18.48.54:956][  0]LogConfig: Setting CVar [[grass.DensityScale:1.0]]
[2019.03.31-18.48.54:956][  0]LogInit: Selected Device Profile: [Windows]
[2019.03.31-18.48.54:956][  0]LogInit: Applying CVar settings loaded from the selected device profile: [Windows]
[2019.03.31-18.48.54:965][  0]LogHAL: Display: Platform has ~ 16 GB [17092902912 / 17179869184 / 16], which maps to Larger [LargestMinGB=32, LargerMinGB=12, DefaultMinGB=8, SmallerMinGB=6, SmallestMinGB=0)
[2019.03.31-18.48.54:965][  0]LogConfig: Setting CVar [[r.Vulkan.UseRealUBs:1]]
[2019.03.31-18.48.54:965][  0]LogInit: Going up to parent DeviceProfile []
[2019.03.31-18.48.54:965][  0]LogConfig: Applying CVar settings from Section [ViewDistanceQuality@1] File [C:/Users/Marcus Di Domizio/Documents/GitHub/Twisted-Mario/TwistedMario/Saved/Config/Windows/Scalability.ini]
[2019.03.31-18.48.54:965][  0]LogConfig: Setting CVar [[r.SkeletalMeshLODBias:1]]
[2019.03.31-18.48.54:965][  0]LogConfig: Setting CVar [[r.ViewDistanceScale:0.6]]
[2019.03.31-18.48.54:965][  0]LogConfig: Applying CVar settings from Section [AntiAliasingQuality@1] File [C:/Users/Marcus Di Domizio/Documents/GitHub/Twisted-Mario/TwistedMario/Saved/Config/Windows/Scalability.ini]
[2019.03.31-18.48.54:965][  0]LogConfig: Setting CVar [[r.PostProcessAAQuality:2]]
[2019.03.31-18.48.54:965][  0]LogConfig: Applying CVar settings from Section [ShadowQuality@1] File [C:/Users/Marcus Di Domizio/Documents/GitHub/Twisted-Mario/TwistedMario/Saved/Config/Windows/Scalability.ini]
[2019.03.31-18.48.54:965][  0]LogConfig: Setting CVar [[r.LightFunctionQuality:1]]
[2019.03.31-18.48.54:965][  0]LogConfig: Setting CVar [[r.ShadowQuality:3]]
[2019.03.31-18.48.54:965][  0]LogConfig: Setting CVar [[r.Shadow.CSM.MaxCascades:1]]
[2019.03.31-18.48.54:965][  0]LogConfig: Setting CVar [[r.Shadow.MaxResolution:1024]]
[2019.03.31-18.48.54:965][  0]LogConfig: Setting CVar [[r.Shadow.MaxCSMResolution:1024]]
[2019.03.31-18.48.54:965][  0]LogConfig: Setting CVar [[r.Shadow.RadiusThreshold:0.05]]
[2019.03.31-18.48.54:965][  0]LogConfig: Setting CVar [[r.Shadow.DistanceScale:0.7]]
[2019.03.31-18.48.54:965][  0]LogConfig: Setting CVar [[r.Shadow.CSM.TransitionScale:0.25]]
[2019.03.31-18.48.54:965][  0]LogConfig: Setting CVar [[r.Shadow.PreShadowResolutionFactor:0.5]]
[2019.03.31-18.48.54:965][  0]LogConfig: Setting CVar [[r.DistanceFieldShadowing:0]]
[2019.03.31-18.48.54:966][  0]LogConfig: Setting CVar [[r.DistanceFieldAO:0]]
[2019.03.31-18.48.54:966][  0]LogConfig: Setting CVar [[r.VolumetricFog:0]]
[2019.03.31-18.48.54:966][  0]LogConfig: Setting CVar [[r.LightMaxDrawDistanceScale:.5]]
[2019.03.31-18.48.54:966][  0]LogConfig: Setting CVar [[r.CapsuleShadows:1]]
[2019.03.31-18.48.54:966][  0]LogConfig: Applying CVar settings from Section [PostProcessQuality@1] File [C:/Users/Marcus Di Domizio/Documents/GitHub/Twisted-Mario/TwistedMario/Saved/Config/Windows/Scalability.ini]
[2019.03.31-18.48.54:966][  0]LogConfig: Setting CVar [[r.MotionBlurQuality:3]]
[2019.03.31-18.48.54:966][  0]LogConfig: Setting CVar [[r.AmbientOcclusionMipLevelFactor:1.0]]
[2019.03.31-18.48.54:966][  0]LogConfig: Setting CVar [[r.AmbientOcclusionMaxQuality:60]]
[2019.03.31-18.48.54:966][  0]LogConfig: Setting CVar [[r.AmbientOcclusionLevels:-1]]
[2019.03.31-18.48.54:966][  0]LogConfig: Setting CVar [[r.AmbientOcclusionRadiusScale:1.5]]
[2019.03.31-18.48.54:966][  0]LogConfig: Setting CVar [[r.DepthOfFieldQuality:1]]
[2019.03.31-18.48.54:966][  0]LogConfig: Setting CVar [[r.RenderTargetPoolMin:350]]
[2019.03.31-18.48.54:966][  0]LogConfig: Setting CVar [[r.LensFlareQuality:0]]
[2019.03.31-18.48.54:966][  0]LogConfig: Setting CVar [[r.SceneColorFringeQuality:0]]
[2019.03.31-18.48.54:966][  0]LogConfig: Setting CVar [[r.EyeAdaptationQuality:0]]
[2019.03.31-18.48.54:966][  0]LogConfig: Setting CVar [[r.BloomQuality:4]]
[2019.03.31-18.48.54:966][  0]LogConfig: Setting CVar [[r.FastBlurThreshold:2]]
[2019.03.31-18.48.54:966][  0]LogConfig: Setting CVar [[r.Upscale.Quality:2]]
[2019.03.31-18.48.54:966][  0]LogConfig: Setting CVar [[r.Tonemapper.GrainQuantization:0]]
[2019.03.31-18.48.54:966][  0]LogConfig: Setting CVar [[r.LightShaftQuality:0]]
[2019.03.31-18.48.54:966][  0]LogConfig: Setting CVar [[r.Filter.SizeScale:0.7]]
[2019.03.31-18.48.54:966][  0]LogConfig: Setting CVar [[r.Tonemapper.Quality:2]]
[2019.03.31-18.48.54:966][  0]LogConfig: Setting CVar [[r.DOF.Gather.AccumulatorQuality:0        ; lower gathering accumulator quality]]
[2019.03.31-18.48.54:966][  0]LogConfig: Setting CVar [[r.DOF.Gather.PostfilterMethod:2          ; Max3x3 postfilering method]]
[2019.03.31-18.48.54:966][  0]LogConfig: Setting CVar [[r.DOF.Gather.EnableBokehSettings:0       ; no bokeh simulation when gathering]]
[2019.03.31-18.48.54:966][  0]LogConfig: Setting CVar [[r.DOF.Gather.RingCount:3                 ; low number of samples when gathering]]
[2019.03.31-18.48.54:966][  0]LogConfig: Setting CVar [[r.DOF.Scatter.ForegroundCompositing:0    ; no foreground scattering]]
[2019.03.31-18.48.54:966][  0]LogConfig: Setting CVar [[r.DOF.Scatter.BackgroundCompositing:0    ; no foreground scattering]]
[2019.03.31-18.48.54:966][  0]LogConfig: Setting CVar [[r.DOF.Recombine.Quality:0                ; no slight out of focus]]
[2019.03.31-18.48.54:966][  0]LogConfig: Setting CVar [[r.DOF.TemporalAAQuality:0                ; faster temporal accumulation]]
[2019.03.31-18.48.54:966][  0]LogConfig: Setting CVar [[r.DOF.Kernel.MaxForegroundRadius:0.006   ; required because low gathering and no scattering and not looking great at 1080p]]
[2019.03.31-18.48.54:966][  0]LogConfig: Setting CVar [[r.DOF.Kernel.MaxBackgroundRadius:0.006   ; required because low gathering and no scattering and not looking great at 1080p]]
[2019.03.31-18.48.54:966][  0]LogConfig: Applying CVar settings from Section [TextureQuality@1] File [C:/Users/Marcus Di Domizio/Documents/GitHub/Twisted-Mario/TwistedMario/Saved/Config/Windows/Scalability.ini]
[2019.03.31-18.48.54:966][  0]LogConfig: Setting CVar [[r.Streaming.MipBias:1]]
[2019.03.31-18.48.54:966][  0]LogConfig: Setting CVar [[r.Streaming.AmortizeCPUToGPUCopy:0]]
[2019.03.31-18.48.54:966][  0]LogConfig: Setting CVar [[r.Streaming.MaxNumTexturesToStreamPerFrame:0]]
[2019.03.31-18.48.54:966][  0]LogConfig: Setting CVar [[r.Streaming.Boost:1]]
[2019.03.31-18.48.54:966][  0]LogConfig: Setting CVar [[r.MaxAnisotropy:2]]
[2019.03.31-18.48.54:966][  0]LogConfig: Setting CVar [[r.Streaming.LimitPoolSizeToVRAM:1]]
[2019.03.31-18.48.54:966][  0]LogConfig: Setting CVar [[r.Streaming.PoolSize:600]]
[2019.03.31-18.48.54:966][  0]LogConfig: Setting CVar [[r.Streaming.MaxEffectiveScreenSize:0]]
[2019.03.31-18.48.54:966][  0]LogConfig: Applying CVar settings from Section [EffectsQuality@1] File [C:/Users/Marcus Di Domizio/Documents/GitHub/Twisted-Mario/TwistedMario/Saved/Config/Windows/Scalability.ini]
[2019.03.31-18.48.54:966][  0]LogConfig: Setting CVar [[r.TranslucencyLightingVolumeDim:32]]
[2019.03.31-18.48.54:966][  0]LogConfig: Setting CVar [[r.RefractionQuality:0]]
[2019.03.31-18.48.54:966][  0]LogConfig: Setting CVar [[r.SSR.Quality:0]]
[2019.03.31-18.48.54:966][  0]LogConfig: Setting CVar [[r.SceneColorFormat:3]]
[2019.03.31-18.48.54:966][  0]LogConfig: Setting CVar [[r.DetailMode:1]]
[2019.03.31-18.48.54:966][  0]LogConfig: Setting CVar [[r.TranslucencyVolumeBlur:0]]
[2019.03.31-18.48.54:966][  0]LogConfig: Setting CVar [[r.MaterialQualityLevel:2 ; Medium quality]]
[2019.03.31-18.48.54:966][  0]LogConfig: Setting CVar [[r.SSS.Scale:0.75]]
[2019.03.31-18.48.54:966][  0]LogConfig: Setting CVar [[r.SSS.SampleSet:0]]
[2019.03.31-18.48.54:966][  0]LogConfig: Setting CVar [[r.SSS.Quality:0]]
[2019.03.31-18.48.54:966][  0]LogConfig: Setting CVar [[r.SSS.HalfRes:1]]
[2019.03.31-18.48.54:966][  0]LogConfig: Setting CVar [[r.EmitterSpawnRateScale:0.25]]
[2019.03.31-18.48.54:966][  0]LogConfig: Setting CVar [[r.ParticleLightQuality:0]]
[2019.03.31-18.48.54:966][  0]LogConfig: Applying CVar settings from Section [FoliageQuality@1] File [C:/Users/Marcus Di Domizio/Documents/GitHub/Twisted-Mario/TwistedMario/Saved/Config/Windows/Scalability.ini]
[2019.03.31-18.48.54:966][  0]LogConfig: Setting CVar [[foliage.DensityScale:0.4]]
[2019.03.31-18.48.54:966][  0]LogConfig: Setting CVar [[grass.DensityScale:0.4]]
[2019.03.31-18.48.54:966][  0]LogConfig: Applying CVar settings from Section [Startup] File [../../../Engine/Config/ConsoleVariables.ini]
[2019.03.31-18.48.54:967][  0]LogConfig: Setting CVar [[net.UseAdaptiveNetUpdateFrequency:0]]
[2019.03.31-18.48.54:967][  0]LogConfig: Applying CVar settings from Section [ConsoleVariables] File [C:/Users/Marcus Di Domizio/Documents/GitHub/Twisted-Mario/TwistedMario/Saved/Config/Windows/Engine.ini]
[2019.03.31-18.48.54:967][  0]LogInit: Computer: MARCUSLAPTOP
[2019.03.31-18.48.54:967][  0]LogInit: User: MarcusDiDomizio
[2019.03.31-18.48.54:967][  0]LogInit: CPU Page size=4096, Cores=4
[2019.03.31-18.48.54:967][  0]LogInit: High frequency timer resolution =10.000000 MHz
[2019.03.31-18.48.54:967][  0]LogMemory: Memory total: Physical=15.9GB (16GB approx)
[2019.03.31-18.48.54:967][  0]LogMemory: Platform Memory Stats for Windows
[2019.03.31-18.48.54:967][  0]LogMemory: Process Physical Memory: 101.51 MB used, 101.52 MB peak
[2019.03.31-18.48.54:967][  0]LogMemory: Process Virtual Memory: 91.23 MB used, 91.23 MB peak
[2019.03.31-18.48.54:967][  0]LogMemory: Physical Memory: 7568.38 MB used,  8732.68 MB free, 16301.06 MB total
[2019.03.31-18.48.54:967][  0]LogMemory: Virtual Memory: 4647.84 MB used,  134213080.00 MB free, 134217728.00 MB total
[2019.03.31-18.48.54:994][  0]LogInit: Using OS detected language (en-US).
[2019.03.31-18.48.54:994][  0]LogInit: Using OS detected locale (en-CA).
[2019.03.31-18.48.54:995][  0]LogTextLocalizationManager: No specific localization for 'en-US' exists, so the 'en' localization will be used.
[2019.03.31-18.48.55:433][  0]LogStreaming: Display: Took  0.440s to InitEngineTextLocalization.
[2019.03.31-18.48.55:479][  0]LogSlate: New Slate User Created.  User Index 0, Is Virtual User: 0
[2019.03.31-18.48.55:479][  0]LogSlate: Slate User Registered.  User Index 0, Is Virtual User: 0
[2019.03.31-18.48.55:705][  0]LogD3D11RHI: D3D11 adapters:
[2019.03.31-18.48.55:784][  0]LogD3D11RHI:    0. 'NVIDIA GeForce GTX 1050' (Feature Level 11_0)
[2019.03.31-18.48.55:784][  0]LogD3D11RHI:       1979/0/8150 MB DedicatedVideo/DedicatedSystem/SharedSystem, Outputs:1, VendorId:0x10de
[2019.03.31-18.48.55:795][  0]LogD3D11RHI:    1. 'Intel(R) HD Graphics 630' (Feature Level 11_0)
[2019.03.31-18.48.55:795][  0]LogD3D11RHI:       128/0/8150 MB DedicatedVideo/DedicatedSystem/SharedSystem, Outputs:0, VendorId:0x8086
[2019.03.31-18.48.55:796][  0]LogD3D11RHI:    2. 'Microsoft Basic Render Driver' (Feature Level 11_0)
[2019.03.31-18.48.55:797][  0]LogD3D11RHI:       0/0/8150 MB DedicatedVideo/DedicatedSystem/SharedSystem, Outputs:0, VendorId:0x1414
[2019.03.31-18.48.55:797][  0]LogD3D11RHI: Chosen D3D11 Adapter: 0
[2019.03.31-18.48.55:827][  0]LogD3D11RHI: Creating new Direct3DDevice
[2019.03.31-18.48.55:827][  0]LogD3D11RHI:     GPU DeviceId: 0x1c8d (for the marketing name, search the web for "GPU Device Id")
[2019.03.31-18.48.55:827][  0]LogWindows: EnumDisplayDevices:
[2019.03.31-18.48.55:827][  0]LogWindows:    0. 'Intel(R) HD Graphics 630' (P:1 D:1)
[2019.03.31-18.48.55:827][  0]LogWindows:    1. 'Intel(R) HD Graphics 630' (P:0 D:0)
[2019.03.31-18.48.55:827][  0]LogWindows:    2. 'Intel(R) HD Graphics 630' (P:0 D:0)
[2019.03.31-18.48.55:828][  0]LogWindows: DebugString: PrimaryIsNotTheChoosenAdapter PrimaryIsNotTheChoosenAdapter PrimaryIsNotTheChoosenAdapter FoundDriverCount:0 
[2019.03.31-18.48.55:828][  0]LogD3D11RHI:     Adapter Name: NVIDIA GeForce GTX 1050
[2019.03.31-18.48.55:828][  0]LogD3D11RHI:   Driver Version: Unknown (internal:Unknown, unified:Unknown)
[2019.03.31-18.48.55:828][  0]LogD3D11RHI:      Driver Date: Unknown
[2019.03.31-18.48.55:828][  0]LogRHI: Texture pool is 1385 MB (70% of 1979 MB)
[2019.03.31-18.48.55:870][  0]LogD3D11RHI: Async texture creation enabled
[2019.03.31-18.48.55:896][  0]LogD3D11RHI: GPU Timing Frequency: 1000.000000 (Debug: 2 2)
[2019.03.31-18.48.56:209][  0]LogTemp: Display: Loaded TP AllDesktopTargetPlatform
[2019.03.31-18.48.56:221][  0]LogTemp: Display: Loaded TP MacClientTargetPlatform
[2019.03.31-18.48.56:235][  0]LogTemp: Display: Loaded TP MacNoEditorTargetPlatform
[2019.03.31-18.48.56:247][  0]LogTemp: Display: Loaded TP MacServerTargetPlatform
[2019.03.31-18.48.56:260][  0]LogTemp: Display: Loaded TP MacTargetPlatform
[2019.03.31-18.48.56:276][  0]LogTemp: Display: Loaded TP WindowsClientTargetPlatform
[2019.03.31-18.48.56:293][  0]LogTemp: Display: Loaded TP WindowsNoEditorTargetPlatform
[2019.03.31-18.48.56:309][  0]LogTemp: Display: Loaded TP WindowsServerTargetPlatform
[2019.03.31-18.48.56:315][  0]LogTemp: Display: Loaded TP WindowsTargetPlatform
[2019.03.31-18.48.56:393][  0]LogTemp: Display: Loaded TP AndroidTargetPlatform
[2019.03.31-18.48.56:393][  0]LogTemp: Display: Loaded TP AndroidTargetPlatform
[2019.03.31-18.48.56:393][  0]LogTemp: Display: Loaded TP AndroidTargetPlatform
[2019.03.31-18.48.56:393][  0]LogTemp: Display: Loaded TP AndroidTargetPlatform
[2019.03.31-18.48.56:393][  0]LogTemp: Display: Loaded TP AndroidTargetPlatform
[2019.03.31-18.48.56:393][  0]LogTemp: Display: Loaded TP AndroidTargetPlatform
[2019.03.31-18.48.56:393][  0]LogTemp: Display: Loaded TP AndroidTargetPlatform
[2019.03.31-18.48.56:393][  0]LogTemp: Display: Loaded TP AndroidTargetPlatform
[2019.03.31-18.48.56:393][  0]LogTemp: Display: Loaded TP AndroidTargetPlatform
[2019.03.31-18.48.56:393][  0]LogTemp: Display: Loaded TP AndroidTargetPlatform
[2019.03.31-18.48.56:393][  0]LogTemp: Display: Loaded TP AndroidTargetPlatform
[2019.03.31-18.48.56:393][  0]LogTemp: Display: Loaded TP AndroidTargetPlatform
[2019.03.31-18.48.56:393][  0]LogTemp: Display: Loaded TP AndroidTargetPlatform
[2019.03.31-18.48.56:393][  0]LogTemp: Display: Loaded TP AndroidTargetPlatform
[2019.03.31-18.48.56:393][  0]LogTemp: Display: Loaded TP AndroidTargetPlatform
[2019.03.31-18.48.56:394][  0]LogTemp: Display: Loaded TP AndroidTargetPlatform
[2019.03.31-18.48.56:394][  0]LogTemp: Display: Loaded TP AndroidTargetPlatform
[2019.03.31-18.48.56:394][  0]LogTemp: Display: Loaded TP AndroidTargetPlatform
[2019.03.31-18.48.56:395][  0]LogTemp: Display: Loaded TP HTML5TargetPlatform
[2019.03.31-18.48.56:455][  0]LogTemp: Display: Loaded TP IOSTargetPlatform
[2019.03.31-18.48.56:455][  0]LogTemp: Display: Loaded TP IOSTargetPlatform
[2019.03.31-18.48.56:478][  0]LogTemp: Display: Loaded TP TVOSTargetPlatform
[2019.03.31-18.48.56:478][  0]LogTemp: Display: Loaded TP TVOSTargetPlatform
[2019.03.31-18.48.56:491][  0]LogTemp: Display: Loaded TP LinuxClientTargetPlatform
[2019.03.31-18.48.56:503][  0]LogTemp: Display: Loaded TP LinuxNoEditorTargetPlatform
[2019.03.31-18.48.56:516][  0]LogTemp: Display: Loaded TP LinuxServerTargetPlatform
[2019.03.31-18.48.56:529][  0]LogTemp: Display: Loaded TP LinuxTargetPlatform
[2019.03.31-18.48.56:572][  0]LogTemp: Display: Loaded TP LuminTargetPlatform
[2019.03.31-18.48.56:572][  0]LogTemp: Display: Loaded TP LuminTargetPlatform
[2019.03.31-18.48.56:573][  0]LogTargetPlatformManager: Display: Building Assets For Windows
[2019.03.31-18.48.56:612][  0]LogShaderCompilers: Guid format shader working directory is -13 characters bigger than the processId version (C:/Users/Marcus Di Domizio/Documents/GitHub/Twisted-Mario/TwistedMario/Intermediate/Shaders/WorkingDirectory/18392/).
[2019.03.31-18.48.56:613][  0]LogShaderCompilers: Cleaned the shader compiler working directory 'C:/Users/Marcus Di Domizio/AppData/Local/Temp/UnrealShaderWorkingDir/79EF7F4744DBB64676D95389308CEA5A/'.
[2019.03.31-18.48.56:614][  0]LogXGEController: Cannot use XGE Controller as Incredibuild is not installed on this machine.
[2019.03.31-18.48.56:614][  0]LogShaderCompilers: Cannot use XGE Shader Compiler as Incredibuild is not installed on this machine.
[2019.03.31-18.48.56:614][  0]LogShaderCompilers: Display: Using Local Shader Compiler.
[2019.03.31-18.48.57:172][  0]LogDerivedDataCache: Display: Max Cache Size: 512 MB
[2019.03.31-18.48.57:226][  0]LogDerivedDataCache: Loaded boot cache 0.05s 71MB C:/Users/Marcus Di Domizio/AppData/Local/UnrealEngine/4.21/DerivedDataCache/Boot.ddc.
[2019.03.31-18.48.57:226][  0]LogDerivedDataCache: Display: Loaded Boot cache: C:/Users/Marcus Di Domizio/AppData/Local/UnrealEngine/4.21/DerivedDataCache/Boot.ddc
[2019.03.31-18.48.57:226][  0]LogDerivedDataCache: FDerivedDataBackendGraph:  Pak pak cache file C:/Users/Marcus Di Domizio/Documents/GitHub/Twisted-Mario/TwistedMario/DerivedDataCache/DDC.ddp not found, will not use a pak cache.
[2019.03.31-18.48.57:226][  0]LogDerivedDataCache: Unable to find inner node Pak for hierarchical cache Hierarchy.
[2019.03.31-18.48.57:226][  0]LogDerivedDataCache: FDerivedDataBackendGraph:  CompressedPak pak cache file C:/Users/Marcus Di Domizio/Documents/GitHub/Twisted-Mario/TwistedMario/DerivedDataCache/Compressed.ddp not found, will not use a pak cache.
[2019.03.31-18.48.57:226][  0]LogDerivedDataCache: Unable to find inner node CompressedPak for hierarchical cache Hierarchy.
[2019.03.31-18.48.57:242][  0]LogDerivedDataCache: Display: Pak cache opened for reading ../../../Engine/DerivedDataCache/Compressed.ddp.
[2019.03.31-18.48.57:243][  0]LogDerivedDataCache: FDerivedDataBackendGraph:  EnterprisePak pak cache file ../../../Enterprise/DerivedDataCache/Compressed.ddp not found, will not use a pak cache.
[2019.03.31-18.48.57:243][  0]LogDerivedDataCache: Unable to find inner node EnterprisePak for hierarchical cache Hierarchy.
[2019.03.31-18.48.57:255][  0]LogDerivedDataCache: Using Local data cache path C:/Users/Marcus Di Domizio/AppData/Local/UnrealEngine/Common/DerivedDataCache: Writable
[2019.03.31-18.48.57:255][  0]LogDerivedDataCache: Shared data cache path not found in *engine.ini, will not use an Shared cache.
[2019.03.31-18.48.57:255][  0]LogDerivedDataCache: Unable to find inner node Shared for hierarchical cache Hierarchy.
[2019.03.31-18.48.57:281][  0]LogMaterial: Verifying Global Shaders for PCD3D_SM5
[2019.03.31-18.48.57:282][  0]LogSlate: Using FreeType 2.6.0
[2019.03.31-18.48.57:282][  0]LogSlate: SlateFontServices - WITH_FREETYPE: 1, WITH_HARFBUZZ: 1
[2019.03.31-18.48.57:370][  0]LogAssetRegistry: FAssetRegistry took 0.0331 seconds to start up
[2019.03.31-18.48.57:695][  0]LogInit: Selected Device Profile: [Windows]
[2019.03.31-18.48.57:860][  0]LogSimplygon: Simplygon DLL not present - disabling.
[2019.03.31-18.48.57:862][  0]LogMeshReduction: Using SimplygonSwarm for distributed automatic mesh merging
[2019.03.31-18.48.57:862][  0]LogMeshReduction: Using ProxyLODMeshReduction for automatic mesh merging
[2019.03.31-18.48.57:862][  0]LogMeshReduction: Using QuadricMeshReduction for automatic static mesh reduction
[2019.03.31-18.48.57:862][  0]LogMeshReduction: No automatic skeletal mesh reduction module available
[2019.03.31-18.48.57:879][  0]LogNetVersion: TwistedMario 1.0.0, NetCL: 4541578, EngineNetVer: 5, GameNetVer: 0 (Checksum: 1777631269)
[2019.03.31-18.48.58:375][  0]LogPackageLocalizationCache: Processed 9 localized package path(s) for 2 prioritized culture(s) in 0.071112 seconds
[2019.03.31-18.48.58:381][  0]LogUObjectArray: 39378 objects as part of root set at end of initial load.
[2019.03.31-18.48.58:381][  0]LogUObjectAllocator: 6848232 out of 0 bytes used by permanent object pool.
[2019.03.31-18.48.58:381][  0]LogUObjectArray: CloseDisregardForGC: 0/0 objects in disregard for GC pool
[2019.03.31-18.48.59:240][  0]LogTcpMessaging: Initializing TcpMessaging bridge
[2019.03.31-18.48.59:254][  0]LogUdpMessaging: Initializing bridge on interface 0.0.0.0:0 to multicast group 230.0.0.1:6666.
[2019.03.31-18.48.59:780][  0]LogStats: FPlatformStackWalk::StackWalkAndDump -  0.443 s
[2019.03.31-18.48.59:780][  0]LogOutputDevice: Error: === Handled ensure: ===
[2019.03.31-18.48.59:780][  0]LogOutputDevice: Error: 
[2019.03.31-18.48.59:780][  0]LogOutputDevice: Error: Ensure condition failed: MyOwnerWorld [File:D:\Build\++UE4\Sync\Engine\Source\Runtime\Engine\Private\Components\ActorComponent.cpp] [Line: 1042]
[2019.03.31-18.48.59:780][  0]LogOutputDevice: Error: 
[2019.03.31-18.48.59:780][  0]LogOutputDevice: Error: Stack: 
[2019.03.31-18.48.59:780][  0]LogOutputDevice: Error: [Callstack] 0x00007ff90b7d74b8 UE4Editor-Engine.dll!UnknownFunction []
[2019.03.31-18.48.59:780][  0]LogOutputDevice: Error: [Callstack] 0x00007ff8f0c84d07 UE4Editor-TwistedMario.dll!ACheckpoint::ACheckpoint() [c:\users\marcus di domizio\documents\github\twisted-mario\twistedmario\source\twistedmario\checkpoint.cpp:17]
[2019.03.31-18.48.59:780][  0]LogOutputDevice: Error: [Callstack] 0x00007ff90e0b8973 UE4Editor-CoreUObject.dll!UnknownFunction []
[2019.03.31-18.48.59:780][  0]LogOutputDevice: Error: [Callstack] 0x00007ff90e3820a8 UE4Editor-CoreUObject.dll!UnknownFunction []
[2019.03.31-18.48.59:780][  0]LogOutputDevice: Error: [Callstack] 0x00007ff90e36819f UE4Editor-CoreUObject.dll!UnknownFunction []
[2019.03.31-18.48.59:780][  0]LogOutputDevice: Error: [Callstack] 0x00007ff90e0be977 UE4Editor-CoreUObject.dll!UnknownFunction []
[2019.03.31-18.48.59:780][  0]LogOutputDevice: Error: [Callstack] 0x00007ff90e73ca7e UE4Editor-Core.dll!UnknownFunction []
[2019.03.31-18.48.59:781][  0]LogOutputDevice: Error: [Callstack] 0x00007ff90e8f9e66 UE4Editor-Core.dll!UnknownFunction []
[2019.03.31-18.48.59:781][  0]LogOutputDevice: Error: [Callstack] 0x00007ff94a76cfec UE4Editor-Projects.dll!UnknownFunction []
[2019.03.31-18.48.59:781][  0]LogOutputDevice: Error: [Callstack] 0x00007ff94a76d2d4 UE4Editor-Projects.dll!UnknownFunction []
[2019.03.31-18.48.59:781][  0]LogOutputDevice: Error: [Callstack] 0x00007ff743f883a1 UE4Editor.exe!UnknownFunction []
[2019.03.31-18.48.59:781][  0]LogOutputDevice: Error: [Callstack] 0x00007ff743f8dc6b UE4Editor.exe!UnknownFunction []
[2019.03.31-18.48.59:781][  0]LogOutputDevice: Error: [Callstack] 0x00007ff743f85783 UE4Editor.exe!UnknownFunction []
[2019.03.31-18.48.59:781][  0]LogOutputDevice: Error: [Callstack] 0x00007ff743f859ea UE4Editor.exe!UnknownFunction []
[2019.03.31-18.48.59:781][  0]LogOutputDevice: Error: [Callstack] 0x00007ff743f948da UE4Editor.exe!UnknownFunction []
[2019.03.31-18.48.59:781][  0]LogOutputDevice: Error: [Callstack] 0x00007ff743f9659a UE4Editor.exe!UnknownFunction []
[2019.03.31-18.48.59:781][  0]LogOutputDevice: Error: [Callstack] 0x00007ff98cef81f4 KERNEL32.DLL!UnknownFunction []
[2019.03.31-18.48.59:781][  0]LogOutputDevice: Error: [Callstack] 0x00007ff98d19a251 ntdll.dll!UnknownFunction []
[2019.03.31-18.48.59:781][  0]LogOutputDevice: Error: 
[2019.03.31-18.48.59:787][  0]LogStats:                SubmitErrorReport -  0.000 s
[2019.03.31-18.49.00:214][  0]LogStats:                    SendNewReport -  0.427 s
[2019.03.31-18.49.00:214][  0]LogStats:             FDebug::EnsureFailed -  0.877 s
[2019.03.31-18.49.00:251][  0]SourceControl: Source control is disabled
[2019.03.31-18.49.00:251][  0]SourceControl: Source control is disabled
[2019.03.31-18.49.00:252][  0]SourceControl: Source control is disabled
[2019.03.31-18.49.00:253][  0]SourceControl: Source control is disabled
[2019.03.31-18.49.00:416][  0]LogAndroidPermission: UAndroidPermissionCallbackProxy::GetInstance
[2019.03.31-18.49.00:688][  0]LogEngine: Initializing Engine...
[2019.03.31-18.49.00:690][  0]LogStats: UGameplayTagsManager::ConstructGameplayTagTree: ImportINI prefixes -  0.000 s
[2019.03.31-18.49.00:690][  0]LogStats: UGameplayTagsManager::ConstructGameplayTagTree: Construct from data asset -  0.000 s
[2019.03.31-18.49.00:690][  0]LogStats: UGameplayTagsManager::ConstructGameplayTagTree: ImportINI -  0.000 s
[2019.03.31-18.49.00:690][  0]LogStats: UGameplayTagsManager::ConstructGameplayTagTree: GameplayTagTreeChangedEvent.Broadcast -  0.000 s
[2019.03.31-18.49.00:963][  0]LogInit: Initializing FReadOnlyCVARCache
[2019.03.31-18.49.00:976][  0]LogAIModule: Creating AISystem for world Untitled
[2019.03.31-18.49.01:020][  0]LogInit: XAudio2 using 'Headset Earphone (Corsair VOID PRO Wireless Gaming Headset)' : 6 channels at 48 kHz using 16 bits per sample (channel mask 0x3f)
[2019.03.31-18.49.01:204][  0]LogInit: FAudioDevice initialized.
[2019.03.31-18.49.01:205][  0]LogNetVersion: Set ProjectVersion to 1.0.0.0. Version Checksum will be recalculated on next use.
[2019.03.31-18.49.01:290][  0]LogDerivedDataCache: Saved boot cache 0.09s 67MB C:/Users/Marcus Di Domizio/AppData/Local/UnrealEngine/4.21/DerivedDataCache/Boot.ddc.
[2019.03.31-18.49.01:300][  0]LogInit: Texture streaming: Enabled
[2019.03.31-18.49.01:314][  0]LogEngineSessionManager: EngineSessionManager initialized
[2019.03.31-18.49.01:325][  0]LogInit: Transaction tracking system initialized
[2019.03.31-18.49.01:340][  0]BlueprintLog: New page: Editor Load
[2019.03.31-18.49.01:392][  0]LocalizationService: Localization service is disabled
[2019.03.31-18.49.01:602][  0]LogLinker: Warning: Can't find file '/Game/ThirdPersonBP/ThirdPersonOverview'
[2019.03.31-18.49.01:602][  0]LogLinker: Warning: Can't find file '/Game/ThirdPersonBP/ThirdPersonOverview'
[2019.03.31-18.49.01:602][  0]LogUObjectGlobals: Warning: Failed to find object 'Class /Game/ThirdPersonBP/ThirdPersonOverview.ThirdPersonOverview_C'
[2019.03.31-18.49.02:297][  0]LogFileCache: Scanning file cache for directory 'C:/Users/Marcus Di Domizio/Documents/GitHub/Twisted-Mario/TwistedMario/Content/' took 0.01s
[2019.03.31-18.49.02:297][  0]LogCook: Display: Max memory allowance for cook 16384mb min free memory 0mb
[2019.03.31-18.49.02:297][  0]LogCook: Display: Mobile HDR setting 1
[2019.03.31-18.49.02:297][  0]LogGameplayTags: Display: UGameplayTagsManager::DoneAddingNativeTags. DelegateIsBound: 0
[2019.03.31-18.49.02:297][  0]LogStats: UGameplayTagsManager::ConstructGameplayTagTree: ImportINI prefixes -  0.000 s
[2019.03.31-18.49.02:297][  0]LogStats: UGameplayTagsManager::ConstructGameplayTagTree: Construct from data asset -  0.000 s
[2019.03.31-18.49.02:297][  0]LogStats: UGameplayTagsManager::ConstructGameplayTagTree: ImportINI -  0.000 s
[2019.03.31-18.49.02:298][  0]LogStats: UGameplayTagsManager::ConstructGameplayTagTree: GameplayTagTreeChangedEvent.Broadcast -  0.000 s
[2019.03.31-18.49.02:408][  0]SourceControl: Source control is disabled
[2019.03.31-18.49.02:408][  0]Cmd: MAP LOAD FILE="C:/Users/Marcus Di Domizio/Documents/GitHub/Twisted-Mario/TwistedMario/Content/Maps/IslandRacing_Final_01.umap" TEMPLATE=0 SHOWPROGRESS=1 FEATURELEVEL=3
[2019.03.31-18.49.02:408][  0]LightingResults: New page: Lighting Build
[2019.03.31-18.49.02:410][  0]MapCheck: New page: Map Check
[2019.03.31-18.49.02:410][  0]LightingResults: New page: Lighting Build
[2019.03.31-18.49.04:931][  0]LogAIModule: Creating AISystem for world IslandRacing_Final_01
[2019.03.31-18.49.05:172][  0]LogEditorServer: Finished looking for orphan Actors (0.001 secs)
[2019.03.31-18.49.05:270][  0]Cmd: MAP CHECKDEP NOCLEARLOG
[2019.03.31-18.49.05:271][  0]MapCheck: Map check complete: 0 Error(s), 0 Warning(s), took 0.82ms to complete.
[2019.03.31-18.49.05:272][  0]LogFileHelpers: Loading map 'IslandRacing_Final_01' took 2.864
[2019.03.31-18.49.05:389][  0]LogSlate: Updating window title bar state: overlay mode, drag disabled, window buttons hidden, title bar hidden
[2019.03.31-18.49.05:508][  0]LogSlate: Updating window title bar state: overlay mode, drag disabled, window buttons hidden, title bar hidden
[2019.03.31-18.49.05:616][  0]LogSlate: Updating window title bar state: overlay mode, drag disabled, window buttons hidden, title bar hidden
[2019.03.31-18.49.05:627][  0]LogSlate: Updating window title bar state: overlay mode, drag disabled, window buttons hidden, title bar hidden
[2019.03.31-18.49.05:631][  0]LogCollectionManager: Loaded 0 collections in 0.001060 seconds
[2019.03.31-18.49.05:658][  0]LogFileCache: Scanning file cache for directory 'C:/Users/Marcus Di Domizio/Documents/GitHub/Twisted-Mario/TwistedMario/Saved/Collections/' took 0.01s
[2019.03.31-18.49.05:658][  0]LogFileCache: Scanning file cache for directory 'C:/Users/Marcus Di Domizio/Documents/GitHub/Twisted-Mario/TwistedMario/Content/Developers/MarcusDiDomizio/Collections/' took 0.01s
[2019.03.31-18.49.05:658][  0]LogFileCache: Scanning file cache for directory 'C:/Users/Marcus Di Domizio/Documents/GitHub/Twisted-Mario/TwistedMario/Content/Collections/' took 0.00s
[2019.03.31-18.49.05:658][  0]LogCollectionManager: Rebuilt the GUID cache for 0 collections in 0.000000 seconds
[2019.03.31-18.49.05:666][  0]LogContentBrowser: Native class hierarchy populated in 0.0083 seconds. Added 2652 classes and 611 folders.
[2019.03.31-18.49.05:671][  0]LogContentBrowser: Native class hierarchy updated for 'WidgetCarousel' in 0.0004 seconds. Added 0 classes and 0 folders.
[2019.03.31-18.49.05:673][  0]LogPakFile: Registered encryption key '00000000000000000000000000000000': 0 pak files mounted, 0 remain pending
[2019.03.31-18.49.05:673][  0]LogPakFile: Registered encryption key '00000000000000000000000000000000': 0 pak files mounted, 0 remain pending
[2019.03.31-18.49.05:674][  0]LogPakFile: Registered encryption key '00000000000000000000000000000000': 0 pak files mounted, 0 remain pending
[2019.03.31-18.49.05:674][  0]LogPakFile: Registered encryption key '00000000000000000000000000000000': 0 pak files mounted, 0 remain pending
[2019.03.31-18.49.05:675][  0]LogPakFile: Registered encryption key '00000000000000000000000000000000': 0 pak files mounted, 0 remain pending
[2019.03.31-18.49.05:675][  0]LogPakFile: Registered encryption key '00000000000000000000000000000000': 0 pak files mounted, 0 remain pending
[2019.03.31-18.49.05:676][  0]LogPakFile: Registered encryption key '00000000000000000000000000000000': 0 pak files mounted, 0 remain pending
[2019.03.31-18.49.05:676][  0]LogPakFile: Registered encryption key '00000000000000000000000000000000': 0 pak files mounted, 0 remain pending
[2019.03.31-18.49.05:676][  0]LogPakFile: Registered encryption key '00000000000000000000000000000000': 0 pak files mounted, 0 remain pending
[2019.03.31-18.49.05:677][  0]LogPakFile: Registered encryption key '00000000000000000000000000000000': 0 pak files mounted, 0 remain pending
[2019.03.31-18.49.05:677][  0]LogPakFile: Registered encryption key '00000000000000000000000000000000': 0 pak files mounted, 0 remain pending
[2019.03.31-18.49.05:678][  0]LogPakFile: Registered encryption key '00000000000000000000000000000000': 0 pak files mounted, 0 remain pending
[2019.03.31-18.49.05:678][  0]LogPakFile: Registered encryption key '00000000000000000000000000000000': 0 pak files mounted, 0 remain pending
[2019.03.31-18.49.05:679][  0]LogPakFile: Registered encryption key '00000000000000000000000000000000': 0 pak files mounted, 0 remain pending
[2019.03.31-18.49.05:679][  0]LogPakFile: Registered encryption key '00000000000000000000000000000000': 0 pak files mounted, 0 remain pending
[2019.03.31-18.49.05:680][  0]LogPakFile: Registered encryption key '00000000000000000000000000000000': 0 pak files mounted, 0 remain pending
[2019.03.31-18.49.05:680][  0]LogPakFile: Registered encryption key '00000000000000000000000000000000': 0 pak files mounted, 0 remain pending
[2019.03.31-18.49.05:680][  0]LogPakFile: Registered encryption key '00000000000000000000000000000000': 0 pak files mounted, 0 remain pending
[2019.03.31-18.49.05:681][  0]LogPakFile: Registered encryption key '00000000000000000000000000000000': 0 pak files mounted, 0 remain pending
[2019.03.31-18.49.05:681][  0]LogPakFile: Registered encryption key '00000000000000000000000000000000': 0 pak files mounted, 0 remain pending
[2019.03.31-18.49.05:682][  0]LogPakFile: Registered encryption key '00000000000000000000000000000000': 0 pak files mounted, 0 remain pending
[2019.03.31-18.49.05:682][  0]LogPakFile: Registered encryption key '00000000000000000000000000000000': 0 pak files mounted, 0 remain pending
[2019.03.31-18.49.05:683][  0]LogPakFile: Registered encryption key '00000000000000000000000000000000': 0 pak files mounted, 0 remain pending
[2019.03.31-18.49.05:683][  0]LogPakFile: Registered encryption key '00000000000000000000000000000000': 0 pak files mounted, 0 remain pending
[2019.03.31-18.49.05:684][  0]LogPakFile: Registered encryption key '00000000000000000000000000000000': 0 pak files mounted, 0 remain pending
[2019.03.31-18.49.05:684][  0]LogPakFile: Registered encryption key '00000000000000000000000000000000': 0 pak files mounted, 0 remain pending
[2019.03.31-18.49.05:716][  0]LogContentBrowser: Native class hierarchy updated for 'AddContentDialog' in 0.0004 seconds. Added 0 classes and 0 folders.
[2019.03.31-18.49.05:720][  0]LogContentBrowser: Native class hierarchy updated for 'SceneOutliner' in 0.0005 seconds. Added 1 classes and 2 folders.
[2019.03.31-18.49.05:746][  0]LogSlate: Took 0.000151 seconds to synchronously load lazily loaded font '../../../Engine/Content/Slate/Fonts/Roboto-Regular.ttf' (155K)
[2019.03.31-18.49.05:750][  0]LogSlate: Took 0.000186 seconds to synchronously load lazily loaded font '../../../Engine/Content/Slate/Fonts/Roboto-Bold.ttf' (160K)
[2019.03.31-18.49.05:757][  0]LogSlate: Took 0.000263 seconds to synchronously load lazily loaded font '../../../Engine/Content/Editor/Slate/Fonts/FontAwesome.ttf' (139K)
[2019.03.31-18.49.05:861][  0]LogRenderer: Reallocating scene render targets to support 964x560 Format 9 NumSamples 1 (Frame:1).
[2019.03.31-18.49.06:159][  0]LogContentBrowser: Native class hierarchy updated for 'HierarchicalLODOutliner' in 0.0004 seconds. Added 0 classes and 0 folders.
[2019.03.31-18.49.06:159][  0]LogLoad: (Engine Initialization) Total time: 12.77 seconds
[2019.03.31-18.49.06:159][  0]LogLoad: (Engine Initialization) Total Blueprint compile time: 0.00 seconds
[2019.03.31-18.49.06:251][  0]LogContentStreaming: Texture pool size now 600 MB
[2019.03.31-18.49.06:275][  0]LogSlate: Took 0.000158 seconds to synchronously load lazily loaded font '../../../Engine/Content/Slate/Fonts/Roboto-Light.ttf' (167K)
[2019.03.31-18.49.06:576][  2]LogAssetRegistry: Asset discovery search completed in 9.2280 seconds
[2019.03.31-18.49.06:579][  2]LogCollectionManager: Rebuilt the object cache for 0 collections in 0.000001 seconds (found 0 objects)
[2019.03.31-18.49.06:579][  2]LogCollectionManager: Fixed up redirectors for 0 collections in 0.000117 seconds (updated 0 objects)
[2019.03.31-18.49.44:814][754]LogEditorViewport: Clicking on Actor (CTRL LMB): StaticMeshActor (Ground_Oct5092)
[2019.03.31-18.49.45:423][764]LogEditorViewport: Clicking on Actor (CTRL LMB): StaticMeshActor (Ground_Oct6015)
[2019.03.31-18.49.45:973][778]LogEditorViewport: Clicking on Actor (CTRL LMB): StaticMeshActor (Ground_Oct6007)
[2019.03.31-18.49.46:701][793]LogEditorViewport: Clicking on Actor (CTRL LMB): StaticMeshActor (Ground_Oct6272)
[2019.03.31-18.49.47:431][808]LogEditorViewport: Clicking on Actor (CTRL LMB): StaticMeshActor (Ground_Oct6006)
[2019.03.31-18.49.48:062][822]LogEditorViewport: Clicking on Actor (CTRL LMB): StaticMeshActor (Ground_Oct6005)
[2019.03.31-18.49.48:726][838]LogEditorViewport: Clicking on Actor (CTRL LMB): StaticMeshActor (Ground_Oct6013)
[2019.03.31-18.49.49:230][851]LogEditorViewport: Clicking on Actor (CTRL LMB): StaticMeshActor (Ground_Oct6003)
[2019.03.31-18.49.49:626][859]LogEditorViewport: Clicking on Actor (CTRL LMB): StaticMeshActor (Ground_Oct5999)
[2019.03.31-18.49.50:328][872]LogEditorViewport: Clicking on Actor (CTRL LMB): StaticMeshActor (Ground_Oct5960)
[2019.03.31-18.49.58:372][115]LogEditorViewport: Clicking on Actor (CTRL LMB): StaticMeshActor (Ground_Oct6019)
[2019.03.31-18.49.59:157][121]LogEditorViewport: Clicking on Actor (CTRL LMB): StaticMeshActor (Ground_Oct6278)
[2019.03.31-18.49.59:786][127]LogEditorViewport: Clicking on Actor (CTRL LMB): StaticMeshActor (Ground_Oct6279)
[2019.03.31-18.50.00:308][131]LogEditorViewport: Clicking on Actor (CTRL LMB): StaticMeshActor (Ground_Oct6017)
[2019.03.31-18.50.01:300][136]LogEditorViewport: Clicking on Actor (CTRL LMB): StaticMeshActor (Ground_Oct5089)
[2019.03.31-18.50.01:549][136]LogEditorViewport: Clicking on Actor (CTRL LMB): StaticMeshActor (Ground_Oct5132)
[2019.03.31-18.50.02:057][136]LogEditorViewport: Clicking on Actor (CTRL LMB): StaticMeshActor (Ground_Oct5829)
[2019.03.31-18.50.02:493][137]LogEditorViewport: Clicking on Actor (CTRL LMB): StaticMeshActor (Ground_Oct5090)
[2019.03.31-18.50.03:038][140]LogEditorViewport: Clicking on Actor (CTRL LMB): StaticMeshActor (Ground_Oct5857)
[2019.03.31-18.50.04:285][152]LogEditorViewport: Clicking on Actor (CTRL LMB): StaticMeshActor (Ground_Oct6002)
[2019.03.31-18.50.05:068][156]LogEditorViewport: Clicking on Actor (CTRL LMB): StaticMeshActor (Ground_Oct6001)
[2019.03.31-18.50.05:584][158]LogEditorViewport: Clicking on Actor (CTRL LMB): StaticMeshActor (Ground_Oct5957)
[2019.03.31-18.50.12:281][242]LogSlate: FSceneViewport::OnFocusLost() reason 2
[2019.03.31-18.50.14:375][350]Cmd: SELECT NONE
[2019.03.31-18.50.23:848][738]LogEditorViewport: Clicking on Actor (LMB): StaticMeshActor (Castle_Cylinder002)
[2019.03.31-18.50.24:669][773]LogEditorViewport: Clicking on Actor (CTRL LMB): StaticMeshActor (Castle_Cone001)
[2019.03.31-18.50.26:085][853]LogSlate: FSceneViewport::OnFocusLost() reason 2
[2019.03.31-18.50.52:532][207]Cmd: SELECT NONE
[2019.03.31-18.50.54:430][277]LogSlate: FSceneViewport::OnFocusLost() reason 0
[2019.03.31-18.50.54:512][281]LogSlate: Took 0.000142 seconds to synchronously load lazily loaded font '../../../Engine/Content/Slate/Fonts/Roboto-Light.ttf' (167K)
[2019.03.31-18.51.01:646][281]LogSavePackage: Moving 'C:/Users/Marcus Di Domizio/Documents/GitHub/Twisted-Mario/TwistedMario/Saved/IslandRacing_Final_0102C4ED71437DED59F37F10B884705FD2.tmp' to 'C:/Users/Marcus Di Domizio/Documents/GitHub/Twisted-Mario/TwistedMario/Content/Maps/IslandRacing_Final_01.umap'
[2019.03.31-18.51.03:368][351]LogSlate: FSceneViewport::OnFocusLost() reason 0
[2019.03.31-18.51.03:658][364]LogSlate: Window 'TwistedMario - Unreal Editor' being destroyed
[2019.03.31-18.51.03:659][364]LogWindowsTextInputMethodSystem: Display: IME system now deactivated.
[2019.03.31-18.51.03:898][365]Cmd: QUIT_EDITOR
[2019.03.31-18.51.03:936][365]LogExit: Preparing to exit.
[2019.03.31-18.51.04:419][365]LogExit: Editor shut down
[2019.03.31-18.51.04:420][365]LogExit: Transaction tracking system shut down
[2019.03.31-18.51.04:722][365]LogExit: Object subsystem successfully closed.
[2019.03.31-18.51.04:744][365]LogShaderCompilers: Display: Shaders left to compile 0
[2019.03.31-18.51.04:749][365]LogD3D11RHI: Shutdown
[2019.03.31-18.51.04:749][365]LogD3D11RHI: CleanupD3DDevice
[2019.03.31-18.51.04:751][365]LogD3D11RHI: ~FD3D11DynamicRHI
[2019.03.31-18.51.04:762][365]LogModuleManager: Shutting down and abandoning module HierarchicalLODOutliner (615)
[2019.03.31-18.51.04:762][365]LogModuleManager: Shutting down and abandoning module SceneOutliner (613)
[2019.03.31-18.51.04:762][365]LogModuleManager: Shutting down and abandoning module AddContentDialog (611)
[2019.03.31-18.51.04:763][365]LogModuleManager: Shutting down and abandoning module WidgetCarousel (610)
[2019.03.31-18.51.04:763][365]LogModuleManager: Shutting down and abandoning module EditorWidgets (607)
[2019.03.31-18.51.04:763][365]LogModuleManager: Shutting down and abandoning module CollectionManager (605)
[2019.03.31-18.51.04:763][365]LogModuleManager: Shutting down and abandoning module StatsViewer (603)
[2019.03.31-18.51.04:763][365]LogModuleManager: Shutting down and abandoning module FoliageEdit (601)
[2019.03.31-18.51.04:763][365]LogModuleManager: Shutting down and abandoning module LandscapeEditor (599)
[2019.03.31-18.51.04:763][365]LogModuleManager: Shutting down and abandoning module MeshPaintMode (597)
[2019.03.31-18.51.04:763][365]LogModuleManager: Shutting down and abandoning module SceneDepthPickerMode (595)
[2019.03.31-18.51.04:763][365]LogModuleManager: Shutting down and abandoning module ActorPickerMode (593)
[2019.03.31-18.51.04:763][365]LogModuleManager: Shutting down and abandoning module GeometryMode (591)
[2019.03.31-18.51.04:763][365]LogModuleManager: Shutting down and abandoning module TextureAlignMode (589)
[2019.03.31-18.51.04:763][365]LogModuleManager: Shutting down and abandoning module BspMode (587)
[2019.03.31-18.51.04:763][365]LogModuleManager: Shutting down and abandoning module PIEPreviewDeviceProfileSelector (585)
[2019.03.31-18.51.04:763][365]LogModuleManager: Shutting down and abandoning module SequenceRecorderSections (583)
[2019.03.31-18.51.04:763][365]LogModuleManager: Shutting down and abandoning module AutomationWorker (581)
[2019.03.31-18.51.04:763][365]LogModuleManager: Shutting down and abandoning module AudioCaptureEditor (579)
[2019.03.31-18.51.04:763][365]LogModuleManager: Shutting down and abandoning module MatineeToLevelSequence (577)
[2019.03.31-18.51.04:763][365]LogModuleManager: Shutting down and abandoning module LevelSequenceEditor (575)
[2019.03.31-18.51.04:763][365]LogModuleManager: Shutting down and abandoning module PlacementMode (574)
[2019.03.31-18.51.04:764][365]LogModuleManager: Shutting down and abandoning module MaterialEditor (573)
[2019.03.31-18.51.04:764][365]LogModuleManager: Shutting down and abandoning module WmfMediaFactory (569)
[2019.03.31-18.51.04:764][365]LogModuleManager: Shutting down and abandoning module WmfMediaEditor (567)
[2019.03.31-18.51.04:764][365]LogModuleManager: Shutting down and abandoning module WebMMediaFactory (565)
[2019.03.31-18.51.04:764][365]LogModuleManager: Shutting down and abandoning module WebMMediaEditor (563)
[2019.03.31-18.51.04:764][365]LogModuleManager: Shutting down and abandoning module WebMMedia (561)
[2019.03.31-18.51.04:764][365]LogModuleManager: Shutting down and abandoning module MediaPlayerEditor (559)
[2019.03.31-18.51.04:764][365]LogModuleManager: Shutting down and abandoning module MediaCompositingEditor (557)
[2019.03.31-18.51.04:764][365]LogModuleManager: Shutting down and abandoning module SequenceRecorder (556)
[2019.03.31-18.51.04:764][365]LogModuleManager: Shutting down and abandoning module OpenExrWrapper (553)
[2019.03.31-18.51.04:764][365]LogModuleManager: Shutting down and abandoning module ImgMediaFactory (551)
[2019.03.31-18.51.04:764][365]LogModuleManager: Shutting down and abandoning module ImgMediaEditor (549)
[2019.03.31-18.51.04:764][365]LogModuleManager: Shutting down and abandoning module AvfMediaFactory (547)
[2019.03.31-18.51.04:764][365]LogModuleManager: Shutting down and abandoning module AvfMediaEditor (545)
[2019.03.31-18.51.04:764][365]LogModuleManager: Shutting down and abandoning module AndroidMediaFactory (543)
[2019.03.31-18.51.04:764][365]LogModuleManager: Shutting down and abandoning module AndroidMediaEditor (541)
[2019.03.31-18.51.04:764][365]LogModuleManager: Shutting down and abandoning module MagicLeapCameraPreviewFactory (539)
[2019.03.31-18.51.04:764][365]LogModuleManager: Shutting down and abandoning module MagicLeapMediaFactory (537)
[2019.03.31-18.51.04:764][365]LogModuleManager: Shutting down and abandoning module MagicLeapMediaEditor (535)
[2019.03.31-18.51.04:764][365]LogModuleManager: Shutting down and abandoning module CharacterAI (533)
[2019.03.31-18.51.04:764][365]LogModuleManager: Shutting down and abandoning module SmartSnapping (531)
[2019.03.31-18.51.04:764][365]LogModuleManager: Shutting down and abandoning module SessionServices (529)
[2019.03.31-18.51.04:764][365]LogModuleManager: Shutting down and abandoning module ViewportSnapping (527)
[2019.03.31-18.51.04:764][365]LogModuleManager: Shutting down and abandoning module ViewportInteraction (525)
[2019.03.31-18.51.04:764][365]LogModuleManager: Shutting down and abandoning module ClothPainter (523)
[2019.03.31-18.51.04:764][365]LogModuleManager: Shutting down and abandoning module SkeletalMeshEditor (522)
[2019.03.31-18.51.04:764][365]LogModuleManager: Shutting down and abandoning module LogVisualizer (519)
[2019.03.31-18.51.04:764][365]LogModuleManager: Shutting down and abandoning module IntroTutorials (517)
[2019.03.31-18.51.04:764][365]LogModuleManager: Shutting down and abandoning module GameProjectGeneration (516)
[2019.03.31-18.51.04:764][365]LogModuleManager: Shutting down and abandoning module LuminPlatformEditor (513)
[2019.03.31-18.51.04:764][365]LogModuleManager: Shutting down and abandoning module IOSPlatformEditor (511)
[2019.03.31-18.51.04:764][365]LogModuleManager: Shutting down and abandoning module HTML5PlatformEditor (509)
[2019.03.31-18.51.04:764][365]LogModuleManager: Shutting down and abandoning module AndroidPlatformEditor (507)
[2019.03.31-18.51.04:764][365]LogModuleManager: Shutting down and abandoning module AndroidDeviceDetection (506)
[2019.03.31-18.51.05:653][365]LogModuleManager: Shutting down and abandoning module WindowsPlatformEditor (503)
[2019.03.31-18.51.05:653][365]LogModuleManager: Shutting down and abandoning module LuminRuntimeSettings (501)
[2019.03.31-18.51.05:653][365]LogModuleManager: Shutting down and abandoning module IOSRuntimeSettings (499)
[2019.03.31-18.51.05:653][365]LogModuleManager: Shutting down and abandoning module AndroidRuntimeSettings (497)
[2019.03.31-18.51.05:653][365]LogModuleManager: Shutting down and abandoning module TimeManagementEditor (495)
[2019.03.31-18.51.05:653][365]LogModuleManager: Shutting down and abandoning module InputBindingEditor (493)
[2019.03.31-18.51.05:653][365]LogModuleManager: Shutting down and abandoning module MergeActors (491)
[2019.03.31-18.51.05:653][365]LogModuleManager: Shutting down and abandoning module LocalizationDashboard (489)
[2019.03.31-18.51.05:654][365]LogModuleManager: Shutting down and abandoning module LocalizationService (488)
[2019.03.31-18.51.05:654][365]LogModuleManager: Shutting down and abandoning module HardwareTargeting (485)
[2019.03.31-18.51.05:654][365]LogModuleManager: Shutting down and abandoning module DeviceProfileEditor (483)
[2019.03.31-18.51.05:654][365]LogModuleManager: Shutting down and abandoning module UndoHistory (481)
[2019.03.31-18.51.05:654][365]LogModuleManager: Shutting down and abandoning module XmlParser (479)
[2019.03.31-18.51.05:654][365]LogModuleManager: Shutting down and abandoning module Blutility (477)
[2019.03.31-18.51.05:654][365]LogModuleManager: Shutting down and abandoning module ProjectSettingsViewer (475)
[2019.03.31-18.51.05:654][365]LogModuleManager: Shutting down and abandoning module ProjectTargetPlatformEditor (474)
[2019.03.31-18.51.05:654][365]LogModuleManager: Shutting down and abandoning module EditorSettingsViewer (471)
[2019.03.31-18.51.05:654][365]LogModuleManager: Shutting down and abandoning module SettingsEditor (469)
[2019.03.31-18.51.05:654][365]LogModuleManager: Shutting down and abandoning module ProjectLauncher (467)
[2019.03.31-18.51.05:654][365]LogModuleManager: Shutting down and abandoning module SessionFrontend (465)
[2019.03.31-18.51.05:654][365]LogModuleManager: Shutting down and abandoning module ProfilerClient (463)
[2019.03.31-18.51.05:654][365]LogModuleManager: Shutting down and abandoning module DeviceManager (461)
[2019.03.31-18.51.05:654][365]LogModuleManager: Shutting down and abandoning module TargetDeviceServices (460)
[2019.03.31-18.51.05:708][365]LogModuleManager: Shutting down and abandoning module AutomationController (457)
[2019.03.31-18.51.05:708][365]LogModuleManager: Shutting down and abandoning module AutomationWindow (455)
[2019.03.31-18.51.05:708][365]LogModuleManager: Shutting down and abandoning module Layers (453)
[2019.03.31-18.51.05:708][365]LogModuleManager: Shutting down and abandoning module ComponentVisualizers (451)
[2019.03.31-18.51.05:708][365]LogModuleManager: Shutting down and abandoning module DetailCustomizations (449)
[2019.03.31-18.51.05:708][365]LogModuleManager: Shutting down and abandoning module PackagesDialog (447)
[2019.03.31-18.51.05:708][365]LogModuleManager: Shutting down and abandoning module Persona (445)
[2019.03.31-18.51.05:708][365]LogModuleManager: Shutting down and abandoning module AdvancedPreviewScene (444)
[2019.03.31-18.51.05:708][365]LogModuleManager: Shutting down and abandoning module AnimGraph (442)
[2019.03.31-18.51.05:708][365]LogModuleManager: Shutting down and abandoning module Kismet (439)
[2019.03.31-18.51.05:709][365]LogModuleManager: Shutting down and abandoning module GraphEditor (437)
[2019.03.31-18.51.05:709][365]LogModuleManager: Shutting down and abandoning module ClassViewer (435)
[2019.03.31-18.51.05:709][365]LogModuleManager: Shutting down and abandoning module Toolbox (433)
[2019.03.31-18.51.05:709][365]LogModuleManager: Shutting down and abandoning module DesktopPlatform (432)
[2019.03.31-18.51.05:709][365]LogModuleManager: Shutting down and abandoning module ModuleUI (429)
[2019.03.31-18.51.05:709][365]LogModuleManager: Shutting down and abandoning module MovieSceneTools (427)
[2019.03.31-18.51.05:709][365]LogModuleManager: Shutting down and abandoning module OutputLog (425)
[2019.03.31-18.51.05:709][365]LogModuleManager: Shutting down and abandoning module GammaUI (423)
[2019.03.31-18.51.05:709][365]LogModuleManager: Shutting down and abandoning module Documentation (421)
[2019.03.31-18.51.05:709][365]LogModuleManager: Shutting down and abandoning module MovieSceneTracks (419)
[2019.03.31-18.51.05:709][365]LogModuleManager: Shutting down and abandoning module MovieScene (417)
[2019.03.31-18.51.05:709][365]LogModuleManager: Shutting down and abandoning module StreamingPauseRendering (415)
[2019.03.31-18.51.05:709][365]LogModuleManager: Shutting down and abandoning module LauncherPlatform (413)
[2019.03.31-18.51.05:709][365]LogModuleManager: Shutting down and abandoning module AnalyticsET (411)
[2019.03.31-18.51.05:709][365]LogModuleManager: Shutting down and abandoning module PortalServices (409)
[2019.03.31-18.51.05:709][365]LogModuleManager: Shutting down and abandoning module PortalRpc (407)
[2019.03.31-18.51.05:709][365]LogModuleManager: Shutting down and abandoning module MessagingRpc (405)
[2019.03.31-18.51.05:709][365]LogModuleManager: Shutting down and abandoning module AIModule (403)
[2019.03.31-18.51.05:709][365]LogModuleManager: Shutting down and abandoning module GameplayDebugger (402)
[2019.03.31-18.51.05:709][365]LogModuleManager: Shutting down and abandoning module AITestSuite (400)
[2019.03.31-18.51.05:709][365]LogModuleManager: Shutting down and abandoning module NavigationSystem (398)
[2019.03.31-18.51.05:709][365]LogModuleManager: Shutting down and abandoning module ImageWriteQueue (395)
[2019.03.31-18.51.05:713][365]LogModuleManager: Shutting down and abandoning module ProfilerService (393)
[2019.03.31-18.51.05:798][365]LogModuleManager: Shutting down and abandoning module TaskGraph (391)
[2019.03.31-18.51.05:798][365]LogModuleManager: Shutting down and abandoning module ProceduralMeshComponentEditor (389)
[2019.03.31-18.51.05:798][365]LogModuleManager: Shutting down and abandoning module ProceduralMeshComponent (387)
[2019.03.31-18.51.05:798][365]LogModuleManager: Shutting down and abandoning module MobilePatchingUtils (385)
[2019.03.31-18.51.05:798][365]LogModuleManager: Shutting down and abandoning module EditableMesh (383)
[2019.03.31-18.51.05:798][365]LogModuleManager: Shutting down and abandoning module CustomMeshComponent (381)
[2019.03.31-18.51.05:798][365]LogModuleManager: Shutting down and abandoning module CableComponent (379)
[2019.03.31-18.51.05:798][365]LogModuleManager: Shutting down and abandoning module AudioCapture (377)
[2019.03.31-18.51.05:798][365]LogModuleManager: Shutting down and abandoning module ArchVisCharacter (375)
[2019.03.31-18.51.05:798][365]LogModuleManager: Shutting down and abandoning module AndroidPermission (373)
[2019.03.31-18.51.05:798][365]LogModuleManager: Shutting down and abandoning module NUTUnrealEngine4 (371)
[2019.03.31-18.51.05:798][365]LogModuleManager: Shutting down and abandoning module NetcodeUnitTest (369)
[2019.03.31-18.51.05:798][365]LogModuleManager: Shutting down and abandoning module MediaCompositing (367)
[2019.03.31-18.51.05:798][365]LogModuleManager: Shutting down and abandoning module LinearTimecode (365)
[2019.03.31-18.51.05:798][365]LogModuleManager: Shutting down and abandoning module ImgMedia (363)
[2019.03.31-18.51.05:803][365]LogModuleManager: Shutting down and abandoning module HTML5Networking (361)
[2019.03.31-18.51.05:803][365]LogModuleManager: Shutting down and abandoning module GeometryCacheTracks (359)
[2019.03.31-18.51.05:803][365]LogModuleManager: Shutting down and abandoning module GeometryCacheSequencer (357)
[2019.03.31-18.51.05:803][365]LogModuleManager: Shutting down and abandoning module BackChannel (355)
[2019.03.31-18.51.05:803][365]LogModuleManager: Shutting down and abandoning module AppleVision (353)
[2019.03.31-18.51.05:803][365]LogModuleManager: Shutting down and abandoning module AppleImageUtilsBlueprintSupport (351)
[2019.03.31-18.51.05:803][365]LogModuleManager: Shutting down and abandoning module AppleImageUtils (349)
[2019.03.31-18.51.05:803][365]LogModuleManager: Shutting down and abandoning module AlembicImporter (347)
[2019.03.31-18.51.05:803][365]LogModuleManager: Shutting down and abandoning module AlembicLibrary (346)
[2019.03.31-18.51.05:803][365]LogModuleManager: Shutting down and abandoning module GeometryCache (345)
[2019.03.31-18.51.05:803][365]LogModuleManager: Shutting down and abandoning module GeometryCacheEd (344)
[2019.03.31-18.51.05:803][365]LogModuleManager: Shutting down and abandoning module VariantManagerContent (339)
[2019.03.31-18.51.05:803][365]LogModuleManager: Shutting down and abandoning module DatasmithContentEditor (337)
[2019.03.31-18.51.05:803][365]LogModuleManager: Shutting down and abandoning module SpeedTreeImporter (335)
[2019.03.31-18.51.05:803][365]LogModuleManager: Shutting down and abandoning module PluginBrowser (333)
[2019.03.31-18.51.05:803][365]LogModuleManager: Shutting down and abandoning module MobileLauncherProfileWizard (331)
[2019.03.31-18.51.05:803][365]LogModuleManager: Shutting down and abandoning module PolygonModeling (329)
[2019.03.31-18.51.05:803][365]LogModuleManager: Shutting down and abandoning module MeshEditor (327)
[2019.03.31-18.51.05:803][365]LogModuleManager: Shutting down and abandoning module CryptoKeysOpenSSL (325)
[2019.03.31-18.51.05:803][365]LogModuleManager: Shutting down and abandoning module CryptoKeys (323)
[2019.03.31-18.51.05:803][365]LogModuleManager: Shutting down and abandoning module VisualStudioSourceCodeAccess (321)
[2019.03.31-18.51.05:803][365]LogModuleManager: Shutting down and abandoning module VisualStudioCodeSourceCodeAccess (319)
[2019.03.31-18.51.05:803][365]LogModuleManager: Shutting down and abandoning module UObjectPlugin (317)
[2019.03.31-18.51.05:803][365]LogModuleManager: Shutting down and abandoning module SubversionSourceControl (315)
[2019.03.31-18.51.05:803][365]LogModuleManager: Shutting down and abandoning module PerforceSourceControl (313)
[2019.03.31-18.51.05:803][365]LogModuleManager: Shutting down and abandoning module GitSourceControl (311)
[2019.03.31-18.51.05:803][365]LogModuleManager: Shutting down and abandoning module SourceControl (310)
[2019.03.31-18.51.05:803][365]LogModuleManager: Shutting down and abandoning module CLionSourceCodeAccess (307)
[2019.03.31-18.51.05:803][365]LogModuleManager: Shutting down and abandoning module ActorLayerUtilitiesEditor (305)
[2019.03.31-18.51.05:803][365]LogModuleManager: Shutting down and abandoning module ActorLayerUtilities (303)
[2019.03.31-18.51.05:803][365]LogModuleManager: Shutting down and abandoning module LightPropagationVolumeEditor (301)
[2019.03.31-18.51.05:803][365]LogModuleManager: Shutting down and abandoning module PaperTiledImporter (299)
[2019.03.31-18.51.05:803][365]LogModuleManager: Shutting down and abandoning module PaperSpriteSheetImporter (297)
[2019.03.31-18.51.05:803][365]LogModuleManager: Shutting down and abandoning module Paper2DEditor (295)
[2019.03.31-18.51.05:803][365]LogModuleManager: Shutting down and abandoning module MeshPaint (294)
[2019.03.31-18.51.05:803][365]LogModuleManager: Shutting down and abandoning module TwistedMario (291)
[2019.03.31-18.51.05:804][365]LogModuleManager: Shutting down and abandoning module RuntimePhysXCooking (289)
[2019.03.31-18.51.05:804][365]LogModuleManager: Shutting down and abandoning module PhysXVehiclesEditor (287)
[2019.03.31-18.51.05:804][365]LogModuleManager: Shutting down and abandoning module PhysXVehicles (285)
[2019.03.31-18.51.05:804][365]LogModuleManager: Shutting down and abandoning module LocationServicesBPLibrary (283)
[2019.03.31-18.51.05:804][365]LogModuleManager: Shutting down and abandoning module ActorSequence (281)
[2019.03.31-18.51.05:804][365]LogModuleManager: Shutting down and abandoning module UdpMessaging (279)
[2019.03.31-18.51.05:905][365]LogModuleManager: Shutting down and abandoning module TcpMessaging (277)
[2019.03.31-18.51.06:006][365]LogModuleManager: Shutting down and abandoning module MagicLeapAudio (275)
[2019.03.31-18.51.06:006][365]LogModuleManager: Shutting down and abandoning module GameplayTagsEditor (273)
[2019.03.31-18.51.06:006][365]LogModuleManager: Shutting down and abandoning module FacialAnimationEditor (271)
[2019.03.31-18.51.06:006][365]LogModuleManager: Shutting down and abandoning module FacialAnimation (269)
[2019.03.31-18.51.06:006][365]LogModuleManager: Shutting down and abandoning module DataValidation (267)
[2019.03.31-18.51.06:006][365]LogModuleManager: Shutting down and abandoning module AssetManagerEditor (265)
[2019.03.31-18.51.06:006][365]LogModuleManager: Shutting down and abandoning module LevelEditor (264)
[2019.03.31-18.51.06:008][365]LogModuleManager: Shutting down and abandoning module PixelInspectorModule (263)
[2019.03.31-18.51.06:008][365]LogModuleManager: Shutting down and abandoning module CommonMenuExtensions (261)
[2019.03.31-18.51.06:008][365]LogModuleManager: Shutting down and abandoning module MainFrame (259)
[2019.03.31-18.51.06:008][365]LogModuleManager: Shutting down and abandoning module HotReload (258)
[2019.03.31-18.51.06:009][365]LogModuleManager: Shutting down and abandoning module ContentBrowser (254)
[2019.03.31-18.51.06:014][365]LogModuleManager: Shutting down and abandoning module TreeMap (252)
[2019.03.31-18.51.06:014][365]LogModuleManager: Shutting down and abandoning module LightPropagationVolumeRuntime (249)
[2019.03.31-18.51.06:014][365]LogModuleManager: Shutting down and abandoning module AISupportModule (247)
[2019.03.31-18.51.06:014][365]LogModuleManager: Shutting down and abandoning module Paper2D (245)
[2019.03.31-18.51.06:015][365]LogModuleManager: Shutting down and abandoning module WindowsMoviePlayer (243)
[2019.03.31-18.51.06:015][365]LogModuleManager: Shutting down and abandoning module WebMMoviePlayer (241)
[2019.03.31-18.51.06:015][365]LogModuleManager: Shutting down and abandoning module WmfMedia (239)
[2019.03.31-18.51.06:017][365]LogModuleManager: Shutting down and abandoning module Media (238)
[2019.03.31-18.51.06:024][365]LogModuleManager: Shutting down and abandoning module PacketHandler (235)
[2019.03.31-18.51.06:024][365]LogModuleManager: Shutting down and abandoning module ClothingSystemEditor (233)
[2019.03.31-18.51.06:025][365]LogModuleManager: Shutting down and abandoning module ClothingSystemRuntime (231)
[2019.03.31-18.51.06:025][365]LogModuleManager: Shutting down and abandoning module MediaAssets (229)
[2019.03.31-18.51.06:025][365]LogModuleManager: Shutting down and abandoning module Overlay (227)
[2019.03.31-18.51.06:025][365]LogModuleManager: Shutting down and abandoning module OverlayEditor (226)
[2019.03.31-18.51.06:025][365]LogModuleManager: Shutting down and abandoning module VREditor (223)
[2019.03.31-18.51.06:025][365]LogModuleManager: Shutting down and abandoning module StringTableEditor (221)
[2019.03.31-18.51.06:025][365]LogModuleManager: Shutting down and abandoning module GameplayTasksEditor (219)
[2019.03.31-18.51.06:025][365]LogModuleManager: Shutting down and abandoning module BehaviorTreeEditor (217)
[2019.03.31-18.51.06:025][365]LogModuleManager: Shutting down and abandoning module FunctionalTesting (215)
[2019.03.31-18.51.06:025][365]LogModuleManager: Shutting down and abandoning module CollisionAnalyzer (213)
[2019.03.31-18.51.06:026][365]LogModuleManager: Shutting down and abandoning module WorkspaceMenuStructure (212)
[2019.03.31-18.51.06:026][365]LogModuleManager: Shutting down and abandoning module UMG (209)
[2019.03.31-18.51.06:026][365]LogModuleManager: Shutting down and abandoning module UMGEditor (208)
[2019.03.31-18.51.06:026][365]LogModuleManager: Shutting down and abandoning module Sequencer (207)
[2019.03.31-18.51.06:027][365]LogModuleManager: Shutting down and abandoning module MessageLog (204)
[2019.03.31-18.51.06:027][365]LogModuleManager: Shutting down and abandoning module SlateReflector (199)
[2019.03.31-18.51.06:027][365]LogModuleManager: Shutting down and abandoning module Slate (197)
[2019.03.31-18.51.06:027][365]LogModuleManager: Shutting down and abandoning module EditorStyle (195)
[2019.03.31-18.51.06:030][365]LogModuleManager: Shutting down and abandoning module MRMesh (193)
[2019.03.31-18.51.06:030][365]LogModuleManager: Shutting down and abandoning module SourceCodeAccess (191)
[2019.03.31-18.51.06:030][365]LogModuleManager: Shutting down and abandoning module HeadMountedDisplay (189)
[2019.03.31-18.51.06:030][365]LogModuleManager: Shutting down and abandoning module XAudio2 (187)
[2019.03.31-18.51.06:030][365]LogModuleManager: Shutting down and abandoning module Networking (185)
[2019.03.31-18.51.06:030][365]LogModuleManager: Shutting down and abandoning module Core (183)
[2019.03.31-18.51.06:030][365]LogModuleManager: Shutting down and abandoning module LevelSequence (181)
[2019.03.31-18.51.06:030][365]LogModuleManager: Shutting down and abandoning module KismetCompiler (179)
[2019.03.31-18.51.06:030][365]LogModuleManager: Shutting down and abandoning module MeshUtilities (177)
[2019.03.31-18.51.06:030][365]LogModuleManager: Shutting down and abandoning module MeshMergeUtilities (176)
[2019.03.31-18.51.06:030][365]LogModuleManager: Shutting down and abandoning module MeshReductionInterface (175)
[2019.03.31-18.51.06:030][365]LogModuleManager: Shutting down and abandoning module SimplygonSwarm (174)
[2019.03.31-18.51.06:030][365]LogModuleManager: Shutting down and abandoning module ProxyLODMeshReduction (172)
[2019.03.31-18.51.06:030][365]LogModuleManager: Shutting down and abandoning module SimplygonMeshReduction (170)
[2019.03.31-18.51.06:030][365]LogModuleManager: Shutting down and abandoning module QuadricMeshReduction (168)
[2019.03.31-18.51.06:032][365]LogModuleManager: Shutting down and abandoning module MaterialBaking (164)
[2019.03.31-18.51.06:032][365]LogModuleManager: Shutting down and abandoning module DirectoryWatcher (160)
[2019.03.31-18.51.06:033][365]LogModuleManager: Shutting down and abandoning module DerivedDataCache (157)
[2019.03.31-18.51.06:087][365]LogDerivedDataCache: Shutdown
[2019.03.31-18.51.06:087][365]LogModuleManager: Shutting down and abandoning module XGEController (155)
[2019.03.31-18.51.06:087][365]LogModuleManager: Shutting down and abandoning module TargetPlatform (153)
[2019.03.31-18.51.06:087][365]LogModuleManager: Shutting down and abandoning module VulkanShaderFormat (152)
[2019.03.31-18.51.06:087][365]LogModuleManager: Shutting down and abandoning module ShaderFormatVectorVM (150)
[2019.03.31-18.51.06:087][365]LogModuleManager: Shutting down and abandoning module ShaderFormatOpenGL (148)
[2019.03.31-18.51.06:087][365]LogModuleManager: Shutting down and abandoning module ShaderFormatD3D (146)
[2019.03.31-18.51.06:087][365]LogModuleManager: Shutting down and abandoning module MetalShaderFormat (144)
[2019.03.31-18.51.06:087][365]LogModuleManager: Shutting down and abandoning module TextureFormatUncompressed (142)
[2019.03.31-18.51.06:087][365]LogModuleManager: Shutting down and abandoning module TextureFormatPVR (140)
[2019.03.31-18.51.06:087][365]LogModuleManager: Shutting down and abandoning module TextureFormatDXT (138)
[2019.03.31-18.51.06:087][365]LogModuleManager: Shutting down and abandoning module TextureFormatIntelISPCTexComp (136)
[2019.03.31-18.51.06:088][365]LogModuleManager: Shutting down and abandoning module TextureFormatASTC (134)
[2019.03.31-18.51.06:088][365]LogModuleManager: Shutting down and abandoning module ImageWrapper (133)
[2019.03.31-18.51.06:088][365]LogModuleManager: Shutting down and abandoning module TextureFormatAndroid (130)
[2019.03.31-18.51.06:088][365]LogModuleManager: Shutting down and abandoning module AudioFormatOpus (128)
[2019.03.31-18.51.06:088][365]LogModuleManager: Shutting down and abandoning module AudioFormatOgg (126)
[2019.03.31-18.51.06:088][365]LogModuleManager: Shutting down and abandoning module AudioFormatADPCM (124)
[2019.03.31-18.51.06:088][365]LogModuleManager: Shutting down and abandoning module LuminTargetPlatform (122)
[2019.03.31-18.51.06:088][365]LogModuleManager: Shutting down and abandoning module LinuxTargetPlatform (120)
[2019.03.31-18.51.06:088][365]LogModuleManager: Shutting down and abandoning module LinuxServerTargetPlatform (118)
[2019.03.31-18.51.06:088][365]LogModuleManager: Shutting down and abandoning module LinuxNoEditorTargetPlatform (116)
[2019.03.31-18.51.06:088][365]LogModuleManager: Shutting down and abandoning module LinuxClientTargetPlatform (114)
[2019.03.31-18.51.06:088][365]LogModuleManager: Shutting down and abandoning module TVOSTargetPlatform (112)
[2019.03.31-18.51.06:089][365]LogModuleManager: Shutting down and abandoning module Messaging (110)
[2019.03.31-18.51.06:089][365]LogModuleManager: Shutting down and abandoning module IOSTargetPlatform (108)
[2019.03.31-18.51.06:090][365]LogModuleManager: Shutting down and abandoning module HTML5TargetPlatform (106)
[2019.03.31-18.51.06:090][365]LogModuleManager: Shutting down and abandoning module AndroidTargetPlatform (104)
[2019.03.31-18.51.06:096][365]LogModuleManager: Shutting down and abandoning module WindowsTargetPlatform (102)
[2019.03.31-18.51.06:096][365]LogModuleManager: Shutting down and abandoning module WindowsServerTargetPlatform (100)
[2019.03.31-18.51.06:096][365]LogModuleManager: Shutting down and abandoning module WindowsNoEditorTargetPlatform (98)
[2019.03.31-18.51.06:097][365]LogModuleManager: Shutting down and abandoning module WindowsClientTargetPlatform (96)
[2019.03.31-18.51.06:097][365]LogModuleManager: Shutting down and abandoning module MacTargetPlatform (94)
[2019.03.31-18.51.06:097][365]LogModuleManager: Shutting down and abandoning module MacServerTargetPlatform (92)
[2019.03.31-18.51.06:097][365]LogModuleManager: Shutting down and abandoning module MacNoEditorTargetPlatform (90)
[2019.03.31-18.51.06:097][365]LogModuleManager: Shutting down and abandoning module MacClientTargetPlatform (88)
[2019.03.31-18.51.06:097][365]LogModuleManager: Shutting down and abandoning module AllDesktopTargetPlatform (86)
[2019.03.31-18.51.06:097][365]LogModuleManager: Shutting down and abandoning module InputCore (83)
[2019.03.31-18.51.06:097][365]LogModuleManager: Shutting down and abandoning module Settings (81)
[2019.03.31-18.51.06:097][365]LogModuleManager: Shutting down and abandoning module PhysXCooking (79)
[2019.03.31-18.51.06:097][365]LogModuleManager: Shutting down and abandoning module ExampleDeviceProfileSelector (77)
[2019.03.31-18.51.06:097][365]LogModuleManager: Shutting down and abandoning module LauncherChunkInstaller (75)
[2019.03.31-18.51.06:097][365]LogModuleManager: Shutting down and abandoning module OnlineBlueprintSupport (73)
[2019.03.31-18.51.06:097][365]LogModuleManager: Shutting down and abandoning module OnlineSubsystem (69)
[2019.03.31-18.51.06:098][365]LogModuleManager: Shutting down and abandoning module XMPP (63)
[2019.03.31-18.51.06:098][365]LogModuleManager: Shutting down and abandoning module WebSockets (62)
[2019.03.31-18.51.06:108][365]LogModuleManager: Shutting down and abandoning module HTTP (59)
[2019.03.31-18.51.06:108][365]LogHttp: Display: Http module shutting down, but needs to wait on 1 outstanding Http requests:
[2019.03.31-18.51.06:109][365]LogHttp: Display: 	verb=[POST] url=[https://datarouter.ol.epicgames.com/datarouter/api/v1/public/data?SessionID=%7B567636E9-42CC-2631-4506-898AEFF63F48%7D&AppID=UEEditor.Rocket.Release&AppVersion=4.21.2-4753647%2B%2B%2BUE4%2BRelease-4.21&UserID=c7e112024f455af53dfab2b2baa214ae%7C5610fa3b265d476a8327585932e0fd0d%7C559f9244-fd78-44da-84bb-ccc3b9ca702a&AppEnvironment=datacollector-binary&UploadType=eteventstream] status=Processing
[2019.03.31-18.51.06:139][365]LogModuleManager: Shutting down and abandoning module SSL (58)
[2019.03.31-18.51.06:141][365]LogModuleManager: Shutting down and abandoning module MagicLeapIdentity (54)
[2019.03.31-18.51.06:141][365]LogModuleManager: Shutting down and abandoning module MagicLeapHelperVulkan (52)
[2019.03.31-18.51.06:141][365]LogModuleManager: Shutting down and abandoning module MagicLeapHelperOpenGL (50)
[2019.03.31-18.51.06:142][365]LogModuleManager: Shutting down and abandoning module MagicLeapSecureStorage (48)
[2019.03.31-18.51.06:142][365]LogModuleManager: Shutting down and abandoning module MagicLeapHandTracking (46)
[2019.03.31-18.51.06:142][365]LogModuleManager: Shutting down and abandoning module MagicLeapEyeTracker (44)
[2019.03.31-18.51.06:142][365]LogModuleManager: Shutting down and abandoning module MagicLeapController (42)
[2019.03.31-18.51.06:142][365]LogSlate: Slate User Destroyed.  User Index 0, Is Virtual User: 0
[2019.03.31-18.51.06:142][365]LogModuleManager: Shutting down and abandoning module MagicLeap (40)
[2019.03.31-18.51.06:142][365]LogModuleManager: Shutting down and abandoning module DatasmithContent (38)
[2019.03.31-18.51.06:142][365]LogModuleManager: Shutting down and abandoning module AnimationModifiers (36)
[2019.03.31-18.51.06:142][365]LogModuleManager: Shutting down and abandoning module PropertyEditor (35)
[2019.03.31-18.51.06:142][365]LogModuleManager: Shutting down and abandoning module AudioEditor (32)
[2019.03.31-18.51.06:142][365]LogModuleManager: Shutting down and abandoning module TextureCompressor (30)
[2019.03.31-18.51.06:142][365]LogModuleManager: Shutting down and abandoning module ShaderCore (28)
[2019.03.31-18.51.06:142][365]LogModuleManager: Shutting down and abandoning module Landscape (26)
[2019.03.31-18.51.06:142][365]LogModuleManager: Shutting down and abandoning module SlateRHIRenderer (24)
[2019.03.31-18.51.06:143][365]LogModuleManager: Shutting down and abandoning module OpenGLDrv (22)
[2019.03.31-18.51.06:143][365]LogModuleManager: Shutting down and abandoning module D3D11RHI (20)
[2019.03.31-18.51.06:143][365]LogModuleManager: Shutting down and abandoning module AnimGraphRuntime (18)
[2019.03.31-18.51.06:143][365]LogModuleManager: Shutting down and abandoning module Renderer (16)
[2019.03.31-18.51.06:143][365]LogModuleManager: Shutting down and abandoning module Engine (14)
[2019.03.31-18.51.06:143][365]LogModuleManager: Shutting down and abandoning module CoreUObject (12)
[2019.03.31-18.51.06:143][365]LogModuleManager: Shutting down and abandoning module NetworkFile (10)
[2019.03.31-18.51.06:143][365]LogModuleManager: Shutting down and abandoning module CookedIterativeFile (8)
[2019.03.31-18.51.06:143][365]LogModuleManager: Shutting down and abandoning module StreamingFile (6)
[2019.03.31-18.51.06:143][365]LogModuleManager: Shutting down and abandoning module SandboxFile (4)
[2019.03.31-18.51.06:144][365]LogModuleManager: Shutting down and abandoning module PakFile (2)
[2019.03.31-18.51.06:153][365]LogExit: Exiting.
[2019.03.31-18.51.06:165][365]Log file closed, 03/31/19 14:51:06
